# JRE version: Java(TM) SE Runtime Environment (8.0_131-b11) (build 1.8.0_131-b11)
# Java VM: Java HotSpot(TM) 64-Bit Server VM (25.131-b11 mixed mode bsd-amd64 compressed oops)
Heap:
 PSYoungGen      total 26112K, used 12742K [0x0000000795580000, 0x0000000797100000, 0x00000007c0000000)
  eden space 24064K, 51% used [0x0000000795580000,0x00000007961b1a70,0x0000000796d00000)
  from space 2048K, 12% used [0x0000000796d00000,0x0000000796d40000,0x0000000796f00000)
  to   space 2048K, 0% used [0x0000000796f00000,0x0000000796f00000,0x0000000797100000)
 ParOldGen       total 87552K, used 65492K [0x0000000740000000, 0x0000000745580000, 0x0000000795580000)
  object space 87552K, 74% used [0x0000000740000000,0x0000000743ff50e0,0x0000000745580000)
 Metaspace       used 16112K, capacity 16950K, committed 17152K, reserved 1064960K
  class space    used 2024K, capacity 2219K, committed 2304K, reserved 1048576K
GC Heap History (10 events):
Event: 19399.597 GC heap before
{Heap before GC invocations=49 (full 0):
 PSYoungGen      total 26112K, used 24320K [0x0000000795580000, 0x0000000797200000, 0x00000007c0000000)
  eden space 24064K, 100% used [0x0000000795580000,0x0000000796d00000,0x0000000796d00000)
  from space 2048K, 12% used [0x0000000797000000,0x0000000797040000,0x0000000797200000)
  to   space 2560K, 0% used [0x0000000796d00000,0x0000000796d00000,0x0000000796f80000)
 ParOldGen       total 87552K, used 64444K [0x0000000740000000, 0x0000000745580000, 0x0000000795580000)
  object space 87552K, 73% used [0x0000000740000000,0x0000000743eef0e0,0x0000000745580000)
 Metaspace       used 16112K, capacity 16950K, committed 17152K, reserved 1064960K
  class space    used 2024K, capacity 2219K, committed 2304K, reserved 1048576K
Event: 19399.598 GC heap after
Heap after GC invocations=49 (full 0):
 PSYoungGen      total 26624K, used 224K [0x0000000795580000, 0x0000000797200000, 0x00000007c0000000)
  eden space 24064K, 0% used [0x0000000795580000,0x0000000795580000,0x0000000796d00000)
  from space 2560K, 8% used [0x0000000796d00000,0x0000000796d38000,0x0000000796f80000)
  to   space 2560K, 0% used [0x0000000796f80000,0x0000000796f80000,0x0000000797200000)
 ParOldGen       total 87552K, used 64652K [0x0000000740000000, 0x0000000745580000, 0x0000000795580000)
  object space 87552K, 73% used [0x0000000740000000,0x0000000743f230e0,0x0000000745580000)
 Metaspace       used 16112K, capacity 16950K, committed 17152K, reserved 1064960K
  class space    used 2024K, capacity 2219K, committed 2304K, reserved 1048576K
}
Event: 19846.719 GC heap before
{Heap before GC invocations=50 (full 0):
 PSYoungGen      total 26624K, used 24288K [0x0000000795580000, 0x0000000797200000, 0x00000007c0000000)
  eden space 24064K, 100% used [0x0000000795580000,0x0000000796d00000,0x0000000796d00000)
  from space 2560K, 8% used [0x0000000796d00000,0x0000000796d38000,0x0000000796f80000)
  to   space 2560K, 0% used [0x0000000796f80000,0x0000000796f80000,0x0000000797200000)
 ParOldGen       total 87552K, used 64652K [0x0000000740000000, 0x0000000745580000, 0x0000000795580000)
  object space 87552K, 73% used [0x0000000740000000,0x0000000743f230e0,0x0000000745580000)
 Metaspace       used 16112K, capacity 16950K, committed 17152K, reserved 1064960K
  class space    used 2024K, capacity 2219K, committed 2304K, reserved 1048576K
Event: 19846.720 GC heap after
Heap after GC invocations=50 (full 0):
 PSYoungGen      total 26624K, used 224K [0x0000000795580000, 0x0000000797200000, 0x00000007c0000000)
  eden space 24064K, 0% used [0x0000000795580000,0x0000000795580000,0x0000000796d00000)
  from space 2560K, 8% used [0x0000000796f80000,0x0000000796fb8000,0x0000000797200000)
  to   space 2560K, 0% used [0x0000000796d00000,0x0000000796d00000,0x0000000796f80000)
 ParOldGen       total 87552K, used 64868K [0x0000000740000000, 0x0000000745580000, 0x0000000795580000)
  object space 87552K, 74% used [0x0000000740000000,0x0000000743f590e0,0x0000000745580000)
 Metaspace       used 16112K, capacity 16950K, committed 17152K, reserved 1064960K
  class space    used 2024K, capacity 2219K, committed 2304K, reserved 1048576K
}
Event: 20299.321 GC heap before
{Heap before GC invocations=51 (full 0):
 PSYoungGen      total 26624K, used 24288K [0x0000000795580000, 0x0000000797200000, 0x00000007c0000000)
  eden space 24064K, 100% used [0x0000000795580000,0x0000000796d00000,0x0000000796d00000)
  from space 2560K, 8% used [0x0000000796f80000,0x0000000796fb8000,0x0000000797200000)
  to   space 2560K, 0% used [0x0000000796d00000,0x0000000796d00000,0x0000000796f80000)
 ParOldGen       total 87552K, used 64868K [0x0000000740000000, 0x0000000745580000, 0x0000000795580000)
  object space 87552K, 74% used [0x0000000740000000,0x0000000743f590e0,0x0000000745580000)
 Metaspace       used 16112K, capacity 16950K, committed 17152K, reserved 1064960K
  class space    used 2024K, capacity 2219K, committed 2304K, reserved 1048576K
Event: 20299.322 GC heap after
Heap after GC invocations=51 (full 0):
 PSYoungGen      total 24576K, used 256K [0x0000000795580000, 0x0000000797100000, 0x00000007c0000000)
  eden space 24064K, 0% used [0x0000000795580000,0x0000000795580000,0x0000000796d00000)
  from space 512K, 50% used [0x0000000796d00000,0x0000000796d40000,0x0000000796d80000)
  to   space 2048K, 0% used [0x0000000796f00000,0x0000000796f00000,0x0000000797100000)
 ParOldGen       total 87552K, used 65076K [0x0000000740000000, 0x0000000745580000, 0x0000000795580000)
  object space 87552K, 74% used [0x0000000740000000,0x0000000743f8d0e0,0x0000000745580000)
 Metaspace       used 16112K, capacity 16950K, committed 17152K, reserved 1064960K
  class space    used 2024K, capacity 2219K, committed 2304K, reserved 1048576K
}
Event: 20745.946 GC heap before
{Heap before GC invocations=52 (full 0):
 PSYoungGen      total 24576K, used 24320K [0x0000000795580000, 0x0000000797100000, 0x00000007c0000000)
  eden space 24064K, 100% used [0x0000000795580000,0x0000000796d00000,0x0000000796d00000)
  from space 512K, 50% used [0x0000000796d00000,0x0000000796d40000,0x0000000796d80000)
  to   space 2048K, 0% used [0x0000000796f00000,0x0000000796f00000,0x0000000797100000)
 ParOldGen       total 87552K, used 65076K [0x0000000740000000, 0x0000000745580000, 0x0000000795580000)
  object space 87552K, 74% used [0x0000000740000000,0x0000000743f8d0e0,0x0000000745580000)
 Metaspace       used 16112K, capacity 16950K, committed 17152K, reserved 1064960K
  class space    used 2024K, capacity 2219K, committed 2304K, reserved 1048576K
Event: 20745.947 GC heap after
Heap after GC invocations=52 (full 0):
 PSYoungGen      total 26112K, used 256K [0x0000000795580000, 0x0000000797100000, 0x00000007c0000000)
  eden space 24064K, 0% used [0x0000000795580000,0x0000000795580000,0x0000000796d00000)
  from space 2048K, 12% used [0x0000000796f00000,0x0000000796f40000,0x0000000797100000)
  to   space 2048K, 0% used [0x0000000796d00000,0x0000000796d00000,0x0000000796f00000)
 ParOldGen       total 87552K, used 65284K [0x0000000740000000, 0x0000000745580000, 0x0000000795580000)
  object space 87552K, 74% used [0x0000000740000000,0x0000000743fc10e0,0x0000000745580000)
 Metaspace       used 16112K, capacity 16950K, committed 17152K, reserved 1064960K
  class space    used 2024K, capacity 2219K, committed 2304K, reserved 1048576K
}
Event: 21191.751 GC heap before
{Heap before GC invocations=53 (full 0):
 PSYoungGen      total 26112K, used 24320K [0x0000000795580000, 0x0000000797100000, 0x00000007c0000000)
  eden space 24064K, 100% used [0x0000000795580000,0x0000000796d00000,0x0000000796d00000)
  from space 2048K, 12% used [0x0000000796f00000,0x0000000796f40000,0x0000000797100000)
  to   space 2048K, 0% used [0x0000000796d00000,0x0000000796d00000,0x0000000796f00000)
 ParOldGen       total 87552K, used 65284K [0x0000000740000000, 0x0000000745580000, 0x0000000795580000)
  object space 87552K, 74% used [0x0000000740000000,0x0000000743fc10e0,0x0000000745580000)
 Metaspace       used 16112K, capacity 16950K, committed 17152K, reserved 1064960K
  class space    used 2024K, capacity 2219K, committed 2304K, reserved 1048576K
Event: 21191.752 GC heap after
Heap after GC invocations=53 (full 0):
 PSYoungGen      total 26112K, used 256K [0x0000000795580000, 0x0000000797100000, 0x00000007c0000000)
  eden space 24064K, 0% used [0x0000000795580000,0x0000000795580000,0x0000000796d00000)
  from space 2048K, 12% used [0x0000000796d00000,0x0000000796d40000,0x0000000796f00000)
  to   space 2048K, 0% used [0x0000000796f00000,0x0000000796f00000,0x0000000797100000)
 ParOldGen       total 87552K, used 65492K [0x0000000740000000, 0x0000000745580000, 0x0000000795580000)
  object space 87552K, 74% used [0x0000000740000000,0x0000000743ff50e0,0x0000000745580000)
 Metaspace       used 16112K, capacity 16950K, committed 17152K, reserved 1064960K
  class space    used 2024K, capacity 2219K, committed 2304K, reserved 1048576K
}

