# JRE version: Java(TM) SE Runtime Environment (8.0_131-b11) (build 1.8.0_131-b11)
# Java VM: Java HotSpot(TM) 64-Bit Server VM (25.131-b11 mixed mode bsd-amd64 compressed oops)
Heap:
 PSYoungGen      total 26624K, used 22694K [0x0000000795580000, 0x0000000797200000, 0x00000007c0000000)
  eden space 24064K, 93% used [0x0000000795580000,0x0000000796b91ac0,0x0000000796d00000)
  from space 2560K, 3% used [0x0000000796f80000,0x0000000796f98000,0x0000000797200000)
  to   space 2560K, 0% used [0x0000000796d00000,0x0000000796d00000,0x0000000796f80000)
 ParOldGen       total 87552K, used 55519K [0x0000000740000000, 0x0000000745580000, 0x0000000795580000)
  object space 87552K, 63% used [0x0000000740000000,0x0000000743637fe8,0x0000000745580000)
 Metaspace       used 16163K, capacity 16962K, committed 17152K, reserved 1064960K
  class space    used 2037K, capacity 2235K, committed 2304K, reserved 1048576K
GC Heap History (10 events):
Event: 18074.718 GC heap before
{Heap before GC invocations=44 (full 0):
 PSYoungGen      total 24576K, used 24160K [0x0000000795580000, 0x0000000797400000, 0x00000007c0000000)
  eden space 24064K, 100% used [0x0000000795580000,0x0000000796d00000,0x0000000796d00000)
  from space 512K, 18% used [0x0000000796d00000,0x0000000796d18000,0x0000000796d80000)
  to   space 3584K, 0% used [0x0000000797080000,0x0000000797080000,0x0000000797400000)
 ParOldGen       total 87552K, used 55519K [0x0000000740000000, 0x0000000745580000, 0x0000000795580000)
  object space 87552K, 63% used [0x0000000740000000,0x0000000743637fe8,0x0000000745580000)
 Metaspace       used 16163K, capacity 16962K, committed 17152K, reserved 1064960K
  class space    used 2037K, capacity 2235K, committed 2304K, reserved 1048576K
Event: 18074.719 GC heap after
Heap after GC invocations=44 (full 0):
 PSYoungGen      total 27648K, used 96K [0x0000000795580000, 0x0000000797400000, 0x00000007c0000000)
  eden space 24064K, 0% used [0x0000000795580000,0x0000000795580000,0x0000000796d00000)
  from space 3584K, 2% used [0x0000000797080000,0x0000000797098000,0x0000000797400000)
  to   space 3584K, 0% used [0x0000000796d00000,0x0000000796d00000,0x0000000797080000)
 ParOldGen       total 87552K, used 55519K [0x0000000740000000, 0x0000000745580000, 0x0000000795580000)
  object space 87552K, 63% used [0x0000000740000000,0x0000000743637fe8,0x0000000745580000)
 Metaspace       used 16163K, capacity 16962K, committed 17152K, reserved 1064960K
  class space    used 2037K, capacity 2235K, committed 2304K, reserved 1048576K
}
Event: 18488.694 GC heap before
{Heap before GC invocations=45 (full 0):
 PSYoungGen      total 27648K, used 24160K [0x0000000795580000, 0x0000000797400000, 0x00000007c0000000)
  eden space 24064K, 100% used [0x0000000795580000,0x0000000796d00000,0x0000000796d00000)
  from space 3584K, 2% used [0x0000000797080000,0x0000000797098000,0x0000000797400000)
  to   space 3584K, 0% used [0x0000000796d00000,0x0000000796d00000,0x0000000797080000)
 ParOldGen       total 87552K, used 55519K [0x0000000740000000, 0x0000000745580000, 0x0000000795580000)
  object space 87552K, 63% used [0x0000000740000000,0x0000000743637fe8,0x0000000745580000)
 Metaspace       used 16163K, capacity 16962K, committed 17152K, reserved 1064960K
  class space    used 2037K, capacity 2235K, committed 2304K, reserved 1048576K
Event: 18488.695 GC heap after
Heap after GC invocations=45 (full 0):
 PSYoungGen      total 24576K, used 64K [0x0000000795580000, 0x0000000797300000, 0x00000007c0000000)
  eden space 24064K, 0% used [0x0000000795580000,0x0000000795580000,0x0000000796d00000)
  from space 512K, 12% used [0x0000000796d00000,0x0000000796d10000,0x0000000796d80000)
  to   space 3072K, 0% used [0x0000000797000000,0x0000000797000000,0x0000000797300000)
 ParOldGen       total 87552K, used 55519K [0x0000000740000000, 0x0000000745580000, 0x0000000795580000)
  object space 87552K, 63% used [0x0000000740000000,0x0000000743637fe8,0x0000000745580000)
 Metaspace       used 16163K, capacity 16962K, committed 17152K, reserved 1064960K
  class space    used 2037K, capacity 2235K, committed 2304K, reserved 1048576K
}
Event: 18902.664 GC heap before
{Heap before GC invocations=46 (full 0):
 PSYoungGen      total 24576K, used 24128K [0x0000000795580000, 0x0000000797300000, 0x00000007c0000000)
  eden space 24064K, 100% used [0x0000000795580000,0x0000000796d00000,0x0000000796d00000)
  from space 512K, 12% used [0x0000000796d00000,0x0000000796d10000,0x0000000796d80000)
  to   space 3072K, 0% used [0x0000000797000000,0x0000000797000000,0x0000000797300000)
 ParOldGen       total 87552K, used 55519K [0x0000000740000000, 0x0000000745580000, 0x0000000795580000)
  object space 87552K, 63% used [0x0000000740000000,0x0000000743637fe8,0x0000000745580000)
 Metaspace       used 16163K, capacity 16962K, committed 17152K, reserved 1064960K
  class space    used 2037K, capacity 2235K, committed 2304K, reserved 1048576K
Event: 18902.665 GC heap after
Heap after GC invocations=46 (full 0):
 PSYoungGen      total 27136K, used 96K [0x0000000795580000, 0x0000000797300000, 0x00000007c0000000)
  eden space 24064K, 0% used [0x0000000795580000,0x0000000795580000,0x0000000796d00000)
  from space 3072K, 3% used [0x0000000797000000,0x0000000797018000,0x0000000797300000)
  to   space 3072K, 0% used [0x0000000796d00000,0x0000000796d00000,0x0000000797000000)
 ParOldGen       total 87552K, used 55519K [0x0000000740000000, 0x0000000745580000, 0x0000000795580000)
  object space 87552K, 63% used [0x0000000740000000,0x0000000743637fe8,0x0000000745580000)
 Metaspace       used 16163K, capacity 16962K, committed 17152K, reserved 1064960K
  class space    used 2037K, capacity 2235K, committed 2304K, reserved 1048576K
}
Event: 19316.795 GC heap before
{Heap before GC invocations=47 (full 0):
 PSYoungGen      total 27136K, used 24160K [0x0000000795580000, 0x0000000797300000, 0x00000007c0000000)
  eden space 24064K, 100% used [0x0000000795580000,0x0000000796d00000,0x0000000796d00000)
  from space 3072K, 3% used [0x0000000797000000,0x0000000797018000,0x0000000797300000)
  to   space 3072K, 0% used [0x0000000796d00000,0x0000000796d00000,0x0000000797000000)
 ParOldGen       total 87552K, used 55519K [0x0000000740000000, 0x0000000745580000, 0x0000000795580000)
  object space 87552K, 63% used [0x0000000740000000,0x0000000743637fe8,0x0000000745580000)
 Metaspace       used 16163K, capacity 16962K, committed 17152K, reserved 1064960K
  class space    used 2037K, capacity 2235K, committed 2304K, reserved 1048576K
Event: 19316.796 GC heap after
Heap after GC invocations=47 (full 0):
 PSYoungGen      total 24576K, used 96K [0x0000000795580000, 0x0000000797200000, 0x00000007c0000000)
  eden space 24064K, 0% used [0x0000000795580000,0x0000000795580000,0x0000000796d00000)
  from space 512K, 18% used [0x0000000796d00000,0x0000000796d18000,0x0000000796d80000)
  to   space 2560K, 0% used [0x0000000796f80000,0x0000000796f80000,0x0000000797200000)
 ParOldGen       total 87552K, used 55519K [0x0000000740000000, 0x0000000745580000, 0x0000000795580000)
  object space 87552K, 63% used [0x0000000740000000,0x0000000743637fe8,0x0000000745580000)
 Metaspace       used 16163K, capacity 16962K, committed 17152K, reserved 1064960K
  class space    used 2037K, capacity 2235K, committed 2304K, reserved 1048576K
}
Event: 19731.058 GC heap before
{Heap before GC invocations=48 (full 0):
 PSYoungGen      total 24576K, used 24160K [0x0000000795580000, 0x0000000797200000, 0x00000007c0000000)
  eden space 24064K, 100% used [0x0000000795580000,0x0000000796d00000,0x0000000796d00000)
  from space 512K, 18% used [0x0000000796d00000,0x0000000796d18000,0x0000000796d80000)
  to   space 2560K, 0% used [0x0000000796f80000,0x0000000796f80000,0x0000000797200000)
 ParOldGen       total 87552K, used 55519K [0x0000000740000000, 0x0000000745580000, 0x0000000795580000)
  object space 87552K, 63% used [0x0000000740000000,0x0000000743637fe8,0x0000000745580000)
 Metaspace       used 16163K, capacity 16962K, committed 17152K, reserved 1064960K
  class space    used 2037K, capacity 2235K, committed 2304K, reserved 1048576K
Event: 19731.059 GC heap after
Heap after GC invocations=48 (full 0):
 PSYoungGen      total 26624K, used 96K [0x0000000795580000, 0x0000000797200000, 0x00000007c0000000)
  eden space 24064K, 0% used [0x0000000795580000,0x0000000795580000,0x0000000796d00000)
  from space 2560K, 3% used [0x0000000796f80000,0x0000000796f98000,0x0000000797200000)
  to   space 2560K, 0% used [0x0000000796d00000,0x0000000796d00000,0x0000000796f80000)
 ParOldGen       total 87552K, used 55519K [0x0000000740000000, 0x0000000745580000, 0x0000000795580000)
  object space 87552K, 63% used [0x0000000740000000,0x0000000743637fe8,0x0000000745580000)
 Metaspace       used 16163K, capacity 16962K, committed 17152K, reserved 1064960K
  class space    used 2037K, capacity 2235K, committed 2304K, reserved 1048576K
}

