# JRE version: Java(TM) SE Runtime Environment (8.0_131-b11) (build 1.8.0_131-b11)
# Java VM: Java HotSpot(TM) 64-Bit Server VM (25.131-b11 mixed mode bsd-amd64 compressed oops)
Heap:
 PSYoungGen      total 24576K, used 23306K [0x0000000795580000, 0x0000000797100000, 0x00000007c0000000)
  eden space 24064K, 95% used [0x0000000795580000,0x0000000796c0a868,0x0000000796d00000)
  from space 512K, 43% used [0x0000000796d00000,0x0000000796d38000,0x0000000796d80000)
  to   space 2048K, 0% used [0x0000000796f00000,0x0000000796f00000,0x0000000797100000)
 ParOldGen       total 87552K, used 67875K [0x0000000740000000, 0x0000000745580000, 0x0000000795580000)
  object space 87552K, 77% used [0x0000000740000000,0x0000000744248eb8,0x0000000745580000)
 Metaspace       used 16168K, capacity 16960K, committed 17152K, reserved 1064960K
  class space    used 2026K, capacity 2220K, committed 2304K, reserved 1048576K
GC Heap History (10 events):
Event: 18379.400 GC heap before
{Heap before GC invocations=47 (full 0):
 PSYoungGen      total 26624K, used 24288K [0x0000000795580000, 0x0000000797300000, 0x00000007c0000000)
  eden space 24064K, 100% used [0x0000000795580000,0x0000000796d00000,0x0000000796d00000)
  from space 2560K, 8% used [0x0000000797080000,0x00000007970b8000,0x0000000797300000)
  to   space 3072K, 0% used [0x0000000796d00000,0x0000000796d00000,0x0000000797000000)
 ParOldGen       total 87552K, used 66851K [0x0000000740000000, 0x0000000745580000, 0x0000000795580000)
  object space 87552K, 76% used [0x0000000740000000,0x0000000744148eb8,0x0000000745580000)
 Metaspace       used 16168K, capacity 16960K, committed 17152K, reserved 1064960K
  class space    used 2026K, capacity 2220K, committed 2304K, reserved 1048576K
Event: 18379.401 GC heap after
Heap after GC invocations=47 (full 0):
 PSYoungGen      total 27136K, used 256K [0x0000000795580000, 0x0000000797300000, 0x00000007c0000000)
  eden space 24064K, 0% used [0x0000000795580000,0x0000000795580000,0x0000000796d00000)
  from space 3072K, 8% used [0x0000000796d00000,0x0000000796d40000,0x0000000797000000)
  to   space 3072K, 0% used [0x0000000797000000,0x0000000797000000,0x0000000797300000)
 ParOldGen       total 87552K, used 67051K [0x0000000740000000, 0x0000000745580000, 0x0000000795580000)
  object space 87552K, 76% used [0x0000000740000000,0x000000074417aeb8,0x0000000745580000)
 Metaspace       used 16168K, capacity 16960K, committed 17152K, reserved 1064960K
  class space    used 2026K, capacity 2220K, committed 2304K, reserved 1048576K
}
Event: 18820.888 GC heap before
{Heap before GC invocations=48 (full 0):
 PSYoungGen      total 27136K, used 24320K [0x0000000795580000, 0x0000000797300000, 0x00000007c0000000)
  eden space 24064K, 100% used [0x0000000795580000,0x0000000796d00000,0x0000000796d00000)
  from space 3072K, 8% used [0x0000000796d00000,0x0000000796d40000,0x0000000797000000)
  to   space 3072K, 0% used [0x0000000797000000,0x0000000797000000,0x0000000797300000)
 ParOldGen       total 87552K, used 67051K [0x0000000740000000, 0x0000000745580000, 0x0000000795580000)
  object space 87552K, 76% used [0x0000000740000000,0x000000074417aeb8,0x0000000745580000)
 Metaspace       used 16168K, capacity 16960K, committed 17152K, reserved 1064960K
  class space    used 2026K, capacity 2220K, committed 2304K, reserved 1048576K
Event: 18820.889 GC heap after
Heap after GC invocations=48 (full 0):
 PSYoungGen      total 26112K, used 256K [0x0000000795580000, 0x0000000797200000, 0x00000007c0000000)
  eden space 24064K, 0% used [0x0000000795580000,0x0000000795580000,0x0000000796d00000)
  from space 2048K, 12% used [0x0000000797000000,0x0000000797040000,0x0000000797200000)
  to   space 2560K, 0% used [0x0000000796d00000,0x0000000796d00000,0x0000000796f80000)
 ParOldGen       total 87552K, used 67259K [0x0000000740000000, 0x0000000745580000, 0x0000000795580000)
  object space 87552K, 76% used [0x0000000740000000,0x00000007441aeeb8,0x0000000745580000)
 Metaspace       used 16168K, capacity 16960K, committed 17152K, reserved 1064960K
  class space    used 2026K, capacity 2220K, committed 2304K, reserved 1048576K
}
Event: 19276.583 GC heap before
{Heap before GC invocations=49 (full 0):
 PSYoungGen      total 26112K, used 24320K [0x0000000795580000, 0x0000000797200000, 0x00000007c0000000)
  eden space 24064K, 100% used [0x0000000795580000,0x0000000796d00000,0x0000000796d00000)
  from space 2048K, 12% used [0x0000000797000000,0x0000000797040000,0x0000000797200000)
  to   space 2560K, 0% used [0x0000000796d00000,0x0000000796d00000,0x0000000796f80000)
 ParOldGen       total 87552K, used 67259K [0x0000000740000000, 0x0000000745580000, 0x0000000795580000)
  object space 87552K, 76% used [0x0000000740000000,0x00000007441aeeb8,0x0000000745580000)
 Metaspace       used 16168K, capacity 16960K, committed 17152K, reserved 1064960K
  class space    used 2026K, capacity 2220K, committed 2304K, reserved 1048576K
Event: 19276.585 GC heap after
Heap after GC invocations=49 (full 0):
 PSYoungGen      total 26624K, used 256K [0x0000000795580000, 0x0000000797200000, 0x00000007c0000000)
  eden space 24064K, 0% used [0x0000000795580000,0x0000000795580000,0x0000000796d00000)
  from space 2560K, 10% used [0x0000000796d00000,0x0000000796d40000,0x0000000796f80000)
  to   space 2560K, 0% used [0x0000000796f80000,0x0000000796f80000,0x0000000797200000)
 ParOldGen       total 87552K, used 67467K [0x0000000740000000, 0x0000000745580000, 0x0000000795580000)
  object space 87552K, 77% used [0x0000000740000000,0x00000007441e2eb8,0x0000000745580000)
 Metaspace       used 16168K, capacity 16960K, committed 17152K, reserved 1064960K
  class space    used 2026K, capacity 2220K, committed 2304K, reserved 1048576K
}
Event: 19713.079 GC heap before
{Heap before GC invocations=50 (full 0):
 PSYoungGen      total 26624K, used 24320K [0x0000000795580000, 0x0000000797200000, 0x00000007c0000000)
  eden space 24064K, 100% used [0x0000000795580000,0x0000000796d00000,0x0000000796d00000)
  from space 2560K, 10% used [0x0000000796d00000,0x0000000796d40000,0x0000000796f80000)
  to   space 2560K, 0% used [0x0000000796f80000,0x0000000796f80000,0x0000000797200000)
 ParOldGen       total 87552K, used 67467K [0x0000000740000000, 0x0000000745580000, 0x0000000795580000)
  object space 87552K, 77% used [0x0000000740000000,0x00000007441e2eb8,0x0000000745580000)
 Metaspace       used 16168K, capacity 16960K, committed 17152K, reserved 1064960K
  class space    used 2026K, capacity 2220K, committed 2304K, reserved 1048576K
Event: 19713.080 GC heap after
Heap after GC invocations=50 (full 0):
 PSYoungGen      total 26624K, used 224K [0x0000000795580000, 0x0000000797200000, 0x00000007c0000000)
  eden space 24064K, 0% used [0x0000000795580000,0x0000000795580000,0x0000000796d00000)
  from space 2560K, 8% used [0x0000000796f80000,0x0000000796fb8000,0x0000000797200000)
  to   space 2560K, 0% used [0x0000000796d00000,0x0000000796d00000,0x0000000796f80000)
 ParOldGen       total 87552K, used 67667K [0x0000000740000000, 0x0000000745580000, 0x0000000795580000)
  object space 87552K, 77% used [0x0000000740000000,0x0000000744214eb8,0x0000000745580000)
 Metaspace       used 16168K, capacity 16960K, committed 17152K, reserved 1064960K
  class space    used 2026K, capacity 2220K, committed 2304K, reserved 1048576K
}
Event: 20161.644 GC heap before
{Heap before GC invocations=51 (full 0):
 PSYoungGen      total 26624K, used 24288K [0x0000000795580000, 0x0000000797200000, 0x00000007c0000000)
  eden space 24064K, 100% used [0x0000000795580000,0x0000000796d00000,0x0000000796d00000)
  from space 2560K, 8% used [0x0000000796f80000,0x0000000796fb8000,0x0000000797200000)
  to   space 2560K, 0% used [0x0000000796d00000,0x0000000796d00000,0x0000000796f80000)
 ParOldGen       total 87552K, used 67667K [0x0000000740000000, 0x0000000745580000, 0x0000000795580000)
  object space 87552K, 77% used [0x0000000740000000,0x0000000744214eb8,0x0000000745580000)
 Metaspace       used 16168K, capacity 16960K, committed 17152K, reserved 1064960K
  class space    used 2026K, capacity 2220K, committed 2304K, reserved 1048576K
Event: 20161.645 GC heap after
Heap after GC invocations=51 (full 0):
 PSYoungGen      total 24576K, used 224K [0x0000000795580000, 0x0000000797100000, 0x00000007c0000000)
  eden space 24064K, 0% used [0x0000000795580000,0x0000000795580000,0x0000000796d00000)
  from space 512K, 43% used [0x0000000796d00000,0x0000000796d38000,0x0000000796d80000)
  to   space 2048K, 0% used [0x0000000796f00000,0x0000000796f00000,0x0000000797100000)
 ParOldGen       total 87552K, used 67875K [0x0000000740000000, 0x0000000745580000, 0x0000000795580000)
  object space 87552K, 77% used [0x0000000740000000,0x0000000744248eb8,0x0000000745580000)
 Metaspace       used 16168K, capacity 16960K, committed 17152K, reserved 1064960K
  class space    used 2026K, capacity 2220K, committed 2304K, reserved 1048576K
}

