# JRE version: Java(TM) SE Runtime Environment (8.0_131-b11) (build 1.8.0_131-b11)
# Java VM: Java HotSpot(TM) 64-Bit Server VM (25.131-b11 mixed mode bsd-amd64 compressed oops)
Heap:
 PSYoungGen      total 27136K, used 10259K [0x0000000795580000, 0x0000000797300000, 0x00000007c0000000)
  eden space 24064K, 41% used [0x0000000795580000,0x0000000795f4cf98,0x0000000796d00000)
  from space 3072K, 7% used [0x0000000796d00000,0x0000000796d38000,0x0000000797000000)
  to   space 3072K, 0% used [0x0000000797000000,0x0000000797000000,0x0000000797300000)
 ParOldGen       total 87552K, used 67602K [0x0000000740000000, 0x0000000745580000, 0x0000000795580000)
  object space 87552K, 77% used [0x0000000740000000,0x0000000744204848,0x0000000745580000)
 Metaspace       used 16173K, capacity 16978K, committed 17152K, reserved 1064960K
  class space    used 2025K, capacity 2221K, committed 2304K, reserved 1048576K
GC Heap History (10 events):
Event: 17033.299 GC heap before
{Heap before GC invocations=43 (full 0):
 PSYoungGen      total 27648K, used 24288K [0x0000000795580000, 0x0000000797500000, 0x00000007c0000000)
  eden space 24064K, 100% used [0x0000000795580000,0x0000000796d00000,0x0000000796d00000)
  from space 3584K, 6% used [0x0000000797180000,0x00000007971b8000,0x0000000797500000)
  to   space 4096K, 0% used [0x0000000796d00000,0x0000000796d00000,0x0000000797100000)
 ParOldGen       total 87552K, used 66946K [0x0000000740000000, 0x0000000745580000, 0x0000000795580000)
  object space 87552K, 76% used [0x0000000740000000,0x0000000744160848,0x0000000745580000)
 Metaspace       used 16173K, capacity 16978K, committed 17152K, reserved 1064960K
  class space    used 2025K, capacity 2221K, committed 2304K, reserved 1048576K
Event: 17033.300 GC heap after
Heap after GC invocations=43 (full 0):
 PSYoungGen      total 28160K, used 224K [0x0000000795580000, 0x0000000797500000, 0x00000007c0000000)
  eden space 24064K, 0% used [0x0000000795580000,0x0000000795580000,0x0000000796d00000)
  from space 4096K, 5% used [0x0000000796d00000,0x0000000796d38000,0x0000000797100000)
  to   space 4096K, 0% used [0x0000000797100000,0x0000000797100000,0x0000000797500000)
 ParOldGen       total 87552K, used 67154K [0x0000000740000000, 0x0000000745580000, 0x0000000795580000)
  object space 87552K, 76% used [0x0000000740000000,0x0000000744194848,0x0000000745580000)
 Metaspace       used 16173K, capacity 16978K, committed 17152K, reserved 1064960K
  class space    used 2025K, capacity 2221K, committed 2304K, reserved 1048576K
}
Event: 17477.395 GC heap before
{Heap before GC invocations=44 (full 0):
 PSYoungGen      total 28160K, used 24288K [0x0000000795580000, 0x0000000797500000, 0x00000007c0000000)
  eden space 24064K, 100% used [0x0000000795580000,0x0000000796d00000,0x0000000796d00000)
  from space 4096K, 5% used [0x0000000796d00000,0x0000000796d38000,0x0000000797100000)
  to   space 4096K, 0% used [0x0000000797100000,0x0000000797100000,0x0000000797500000)
 ParOldGen       total 87552K, used 67154K [0x0000000740000000, 0x0000000745580000, 0x0000000795580000)
  object space 87552K, 76% used [0x0000000740000000,0x0000000744194848,0x0000000745580000)
 Metaspace       used 16173K, capacity 16978K, committed 17152K, reserved 1064960K
  class space    used 2025K, capacity 2221K, committed 2304K, reserved 1048576K
Event: 17477.396 GC heap after
Heap after GC invocations=44 (full 0):
 PSYoungGen      total 27136K, used 64K [0x0000000795580000, 0x0000000797400000, 0x00000007c0000000)
  eden space 24064K, 0% used [0x0000000795580000,0x0000000795580000,0x0000000796d00000)
  from space 3072K, 2% used [0x0000000797100000,0x0000000797110000,0x0000000797400000)
  to   space 3584K, 0% used [0x0000000796d00000,0x0000000796d00000,0x0000000797080000)
 ParOldGen       total 87552K, used 67154K [0x0000000740000000, 0x0000000745580000, 0x0000000795580000)
  object space 87552K, 76% used [0x0000000740000000,0x0000000744194848,0x0000000745580000)
 Metaspace       used 16173K, capacity 16978K, committed 17152K, reserved 1064960K
  class space    used 2025K, capacity 2221K, committed 2304K, reserved 1048576K
}
Event: 17922.284 GC heap before
{Heap before GC invocations=45 (full 0):
 PSYoungGen      total 27136K, used 24128K [0x0000000795580000, 0x0000000797400000, 0x00000007c0000000)
  eden space 24064K, 100% used [0x0000000795580000,0x0000000796d00000,0x0000000796d00000)
  from space 3072K, 2% used [0x0000000797100000,0x0000000797110000,0x0000000797400000)
  to   space 3584K, 0% used [0x0000000796d00000,0x0000000796d00000,0x0000000797080000)
 ParOldGen       total 87552K, used 67154K [0x0000000740000000, 0x0000000745580000, 0x0000000795580000)
  object space 87552K, 76% used [0x0000000740000000,0x0000000744194848,0x0000000745580000)
 Metaspace       used 16173K, capacity 16978K, committed 17152K, reserved 1064960K
  class space    used 2025K, capacity 2221K, committed 2304K, reserved 1048576K
Event: 17922.285 GC heap after
Heap after GC invocations=45 (full 0):
 PSYoungGen      total 27648K, used 192K [0x0000000795580000, 0x0000000797400000, 0x00000007c0000000)
  eden space 24064K, 0% used [0x0000000795580000,0x0000000795580000,0x0000000796d00000)
  from space 3584K, 5% used [0x0000000796d00000,0x0000000796d30000,0x0000000797080000)
  to   space 3584K, 0% used [0x0000000797080000,0x0000000797080000,0x0000000797400000)
 ParOldGen       total 87552K, used 67178K [0x0000000740000000, 0x0000000745580000, 0x0000000795580000)
  object space 87552K, 76% used [0x0000000740000000,0x000000074419a848,0x0000000745580000)
 Metaspace       used 16173K, capacity 16978K, committed 17152K, reserved 1064960K
  class space    used 2025K, capacity 2221K, committed 2304K, reserved 1048576K
}
Event: 18368.241 GC heap before
{Heap before GC invocations=46 (full 0):
 PSYoungGen      total 27648K, used 24256K [0x0000000795580000, 0x0000000797400000, 0x00000007c0000000)
  eden space 24064K, 100% used [0x0000000795580000,0x0000000796d00000,0x0000000796d00000)
  from space 3584K, 5% used [0x0000000796d00000,0x0000000796d30000,0x0000000797080000)
  to   space 3584K, 0% used [0x0000000797080000,0x0000000797080000,0x0000000797400000)
 ParOldGen       total 87552K, used 67178K [0x0000000740000000, 0x0000000745580000, 0x0000000795580000)
  object space 87552K, 76% used [0x0000000740000000,0x000000074419a848,0x0000000745580000)
 Metaspace       used 16173K, capacity 16978K, committed 17152K, reserved 1064960K
  class space    used 2025K, capacity 2221K, committed 2304K, reserved 1048576K
Event: 18368.242 GC heap after
Heap after GC invocations=46 (full 0):
 PSYoungGen      total 26624K, used 224K [0x0000000795580000, 0x0000000797300000, 0x00000007c0000000)
  eden space 24064K, 0% used [0x0000000795580000,0x0000000795580000,0x0000000796d00000)
  from space 2560K, 8% used [0x0000000797080000,0x00000007970b8000,0x0000000797300000)
  to   space 3072K, 0% used [0x0000000796d00000,0x0000000796d00000,0x0000000797000000)
 ParOldGen       total 87552K, used 67394K [0x0000000740000000, 0x0000000745580000, 0x0000000795580000)
  object space 87552K, 76% used [0x0000000740000000,0x00000007441d0848,0x0000000745580000)
 Metaspace       used 16173K, capacity 16978K, committed 17152K, reserved 1064960K
  class space    used 2025K, capacity 2221K, committed 2304K, reserved 1048576K
}
Event: 18820.664 GC heap before
{Heap before GC invocations=47 (full 0):
 PSYoungGen      total 26624K, used 24288K [0x0000000795580000, 0x0000000797300000, 0x00000007c0000000)
  eden space 24064K, 100% used [0x0000000795580000,0x0000000796d00000,0x0000000796d00000)
  from space 2560K, 8% used [0x0000000797080000,0x00000007970b8000,0x0000000797300000)
  to   space 3072K, 0% used [0x0000000796d00000,0x0000000796d00000,0x0000000797000000)
 ParOldGen       total 87552K, used 67394K [0x0000000740000000, 0x0000000745580000, 0x0000000795580000)
  object space 87552K, 76% used [0x0000000740000000,0x00000007441d0848,0x0000000745580000)
 Metaspace       used 16173K, capacity 16978K, committed 17152K, reserved 1064960K
  class space    used 2025K, capacity 2221K, committed 2304K, reserved 1048576K
Event: 18820.666 GC heap after
Heap after GC invocations=47 (full 0):
 PSYoungGen      total 27136K, used 224K [0x0000000795580000, 0x0000000797300000, 0x00000007c0000000)
  eden space 24064K, 0% used [0x0000000795580000,0x0000000795580000,0x0000000796d00000)
  from space 3072K, 7% used [0x0000000796d00000,0x0000000796d38000,0x0000000797000000)
  to   space 3072K, 0% used [0x0000000797000000,0x0000000797000000,0x0000000797300000)
 ParOldGen       total 87552K, used 67602K [0x0000000740000000, 0x0000000745580000, 0x0000000795580000)
  object space 87552K, 77% used [0x0000000740000000,0x0000000744204848,0x0000000745580000)
 Metaspace       used 16173K, capacity 16978K, committed 17152K, reserved 1064960K
  class space    used 2025K, capacity 2221K, committed 2304K, reserved 1048576K
}

