# JRE version: Java(TM) SE Runtime Environment (8.0_131-b11) (build 1.8.0_131-b11)
# Java VM: Java HotSpot(TM) 64-Bit Server VM (25.131-b11 mixed mode bsd-amd64 compressed oops)
Heap:
 PSYoungGen      total 25600K, used 4551K [0x000000016b980000, 0x000000016d400000, 0x0000000196400000)
  eden space 24064K, 17% used [0x000000016b980000,0x000000016bdb9ec0,0x000000016d100000)
  from space 1536K, 14% used [0x000000016d100000,0x000000016d138000,0x000000016d280000)
  to   space 1536K, 0% used [0x000000016d280000,0x000000016d280000,0x000000016d400000)
 ParOldGen       total 87552K, used 62841K [0x0000000116400000, 0x000000011b980000, 0x000000016b980000)
  object space 87552K, 71% used [0x0000000116400000,0x000000011a15e738,0x000000011b980000)
 Metaspace       used 16166K, capacity 16966K, committed 17152K, reserved 1064960K
  class space    used 2025K, capacity 2221K, committed 2304K, reserved 1048576K
GC Heap History (10 events):
Event: 17020.121 GC heap before
{Heap before GC invocations=43 (full 0):
 PSYoungGen      total 26112K, used 24288K [0x000000016b980000, 0x000000016d500000, 0x0000000196400000)
  eden space 24064K, 100% used [0x000000016b980000,0x000000016d100000,0x000000016d100000)
  from space 2048K, 10% used [0x000000016d300000,0x000000016d338000,0x000000016d500000)
  to   space 2048K, 0% used [0x000000016d100000,0x000000016d100000,0x000000016d300000)
 ParOldGen       total 87552K, used 62193K [0x0000000116400000, 0x000000011b980000, 0x000000016b980000)
  object space 87552K, 71% used [0x0000000116400000,0x000000011a0bc738,0x000000011b980000)
 Metaspace       used 16166K, capacity 16966K, committed 17152K, reserved 1064960K
  class space    used 2025K, capacity 2221K, committed 2304K, reserved 1048576K
Event: 17020.122 GC heap after
Heap after GC invocations=43 (full 0):
 PSYoungGen      total 26112K, used 224K [0x000000016b980000, 0x000000016d500000, 0x0000000196400000)
  eden space 24064K, 0% used [0x000000016b980000,0x000000016b980000,0x000000016d100000)
  from space 2048K, 10% used [0x000000016d100000,0x000000016d138000,0x000000016d300000)
  to   space 2048K, 0% used [0x000000016d300000,0x000000016d300000,0x000000016d500000)
 ParOldGen       total 87552K, used 62409K [0x0000000116400000, 0x000000011b980000, 0x000000016b980000)
  object space 87552K, 71% used [0x0000000116400000,0x000000011a0f2738,0x000000011b980000)
 Metaspace       used 16166K, capacity 16966K, committed 17152K, reserved 1064960K
  class space    used 2025K, capacity 2221K, committed 2304K, reserved 1048576K
}
Event: 17472.574 GC heap before
{Heap before GC invocations=44 (full 0):
 PSYoungGen      total 26112K, used 24288K [0x000000016b980000, 0x000000016d500000, 0x0000000196400000)
  eden space 24064K, 100% used [0x000000016b980000,0x000000016d100000,0x000000016d100000)
  from space 2048K, 10% used [0x000000016d100000,0x000000016d138000,0x000000016d300000)
  to   space 2048K, 0% used [0x000000016d300000,0x000000016d300000,0x000000016d500000)
 ParOldGen       total 87552K, used 62409K [0x0000000116400000, 0x000000011b980000, 0x000000016b980000)
  object space 87552K, 71% used [0x0000000116400000,0x000000011a0f2738,0x000000011b980000)
 Metaspace       used 16166K, capacity 16966K, committed 17152K, reserved 1064960K
  class space    used 2025K, capacity 2221K, committed 2304K, reserved 1048576K
Event: 17472.575 GC heap after
Heap after GC invocations=44 (full 0):
 PSYoungGen      total 26112K, used 32K [0x000000016b980000, 0x000000016d500000, 0x0000000196400000)
  eden space 24064K, 0% used [0x000000016b980000,0x000000016b980000,0x000000016d100000)
  from space 2048K, 1% used [0x000000016d300000,0x000000016d308000,0x000000016d500000)
  to   space 2048K, 0% used [0x000000016d100000,0x000000016d100000,0x000000016d300000)
 ParOldGen       total 87552K, used 62409K [0x0000000116400000, 0x000000011b980000, 0x000000016b980000)
  object space 87552K, 71% used [0x0000000116400000,0x000000011a0f2738,0x000000011b980000)
 Metaspace       used 16166K, capacity 16966K, committed 17152K, reserved 1064960K
  class space    used 2025K, capacity 2221K, committed 2304K, reserved 1048576K
}
Event: 17917.702 GC heap before
{Heap before GC invocations=45 (full 0):
 PSYoungGen      total 26112K, used 24096K [0x000000016b980000, 0x000000016d500000, 0x0000000196400000)
  eden space 24064K, 100% used [0x000000016b980000,0x000000016d100000,0x000000016d100000)
  from space 2048K, 1% used [0x000000016d300000,0x000000016d308000,0x000000016d500000)
  to   space 2048K, 0% used [0x000000016d100000,0x000000016d100000,0x000000016d300000)
 ParOldGen       total 87552K, used 62409K [0x0000000116400000, 0x000000011b980000, 0x000000016b980000)
  object space 87552K, 71% used [0x0000000116400000,0x000000011a0f2738,0x000000011b980000)
 Metaspace       used 16166K, capacity 16966K, committed 17152K, reserved 1064960K
  class space    used 2025K, capacity 2221K, committed 2304K, reserved 1048576K
Event: 17917.703 GC heap after
Heap after GC invocations=45 (full 0):
 PSYoungGen      total 26112K, used 256K [0x000000016b980000, 0x000000016d500000, 0x0000000196400000)
  eden space 24064K, 0% used [0x000000016b980000,0x000000016b980000,0x000000016d100000)
  from space 2048K, 12% used [0x000000016d100000,0x000000016d140000,0x000000016d300000)
  to   space 2048K, 0% used [0x000000016d300000,0x000000016d300000,0x000000016d500000)
 ParOldGen       total 87552K, used 62425K [0x0000000116400000, 0x000000011b980000, 0x000000016b980000)
  object space 87552K, 71% used [0x0000000116400000,0x000000011a0f6738,0x000000011b980000)
 Metaspace       used 16166K, capacity 16966K, committed 17152K, reserved 1064960K
  class space    used 2025K, capacity 2221K, committed 2304K, reserved 1048576K
}
Event: 18362.375 GC heap before
{Heap before GC invocations=46 (full 0):
 PSYoungGen      total 26112K, used 24320K [0x000000016b980000, 0x000000016d500000, 0x0000000196400000)
  eden space 24064K, 100% used [0x000000016b980000,0x000000016d100000,0x000000016d100000)
  from space 2048K, 12% used [0x000000016d100000,0x000000016d140000,0x000000016d300000)
  to   space 2048K, 0% used [0x000000016d300000,0x000000016d300000,0x000000016d500000)
 ParOldGen       total 87552K, used 62425K [0x0000000116400000, 0x000000011b980000, 0x000000016b980000)
  object space 87552K, 71% used [0x0000000116400000,0x000000011a0f6738,0x000000011b980000)
 Metaspace       used 16166K, capacity 16966K, committed 17152K, reserved 1064960K
  class space    used 2025K, capacity 2221K, committed 2304K, reserved 1048576K
Event: 18362.376 GC heap after
Heap after GC invocations=46 (full 0):
 PSYoungGen      total 25088K, used 224K [0x000000016b980000, 0x000000016d400000, 0x0000000196400000)
  eden space 24064K, 0% used [0x000000016b980000,0x000000016b980000,0x000000016d100000)
  from space 1024K, 21% used [0x000000016d300000,0x000000016d338000,0x000000016d400000)
  to   space 1536K, 0% used [0x000000016d100000,0x000000016d100000,0x000000016d280000)
 ParOldGen       total 87552K, used 62633K [0x0000000116400000, 0x000000011b980000, 0x000000016b980000)
  object space 87552K, 71% used [0x0000000116400000,0x000000011a12a738,0x000000011b980000)
 Metaspace       used 16166K, capacity 16966K, committed 17152K, reserved 1064960K
  class space    used 2025K, capacity 2221K, committed 2304K, reserved 1048576K
}
Event: 18814.663 GC heap before
{Heap before GC invocations=47 (full 0):
 PSYoungGen      total 25088K, used 24288K [0x000000016b980000, 0x000000016d400000, 0x0000000196400000)
  eden space 24064K, 100% used [0x000000016b980000,0x000000016d100000,0x000000016d100000)
  from space 1024K, 21% used [0x000000016d300000,0x000000016d338000,0x000000016d400000)
  to   space 1536K, 0% used [0x000000016d100000,0x000000016d100000,0x000000016d280000)
 ParOldGen       total 87552K, used 62633K [0x0000000116400000, 0x000000011b980000, 0x000000016b980000)
  object space 87552K, 71% used [0x0000000116400000,0x000000011a12a738,0x000000011b980000)
 Metaspace       used 16166K, capacity 16966K, committed 17152K, reserved 1064960K
  class space    used 2025K, capacity 2221K, committed 2304K, reserved 1048576K
Event: 18814.664 GC heap after
Heap after GC invocations=47 (full 0):
 PSYoungGen      total 25600K, used 224K [0x000000016b980000, 0x000000016d400000, 0x0000000196400000)
  eden space 24064K, 0% used [0x000000016b980000,0x000000016b980000,0x000000016d100000)
  from space 1536K, 14% used [0x000000016d100000,0x000000016d138000,0x000000016d280000)
  to   space 1536K, 0% used [0x000000016d280000,0x000000016d280000,0x000000016d400000)
 ParOldGen       total 87552K, used 62841K [0x0000000116400000, 0x000000011b980000, 0x000000016b980000)
  object space 87552K, 71% used [0x0000000116400000,0x000000011a15e738,0x000000011b980000)
 Metaspace       used 16166K, capacity 16966K, committed 17152K, reserved 1064960K
  class space    used 2025K, capacity 2221K, committed 2304K, reserved 1048576K
}

