# JRE version: Java(TM) SE Runtime Environment (8.0_131-b11) (build 1.8.0_131-b11)
# Java VM: Java HotSpot(TM) 64-Bit Server VM (25.131-b11 mixed mode bsd-amd64 compressed oops)
Heap:
 PSYoungGen      total 26112K, used 3591K [0x0000000795580000, 0x0000000797100000, 0x00000007c0000000)
  eden space 24064K, 13% used [0x0000000795580000,0x00000007958c9ee0,0x0000000796d00000)
  from space 2048K, 10% used [0x0000000796f00000,0x0000000796f38000,0x0000000797100000)
  to   space 2048K, 0% used [0x0000000796d00000,0x0000000796d00000,0x0000000796f00000)
 ParOldGen       total 87552K, used 64799K [0x0000000740000000, 0x0000000745580000, 0x0000000795580000)
  object space 87552K, 74% used [0x0000000740000000,0x0000000743f47eb8,0x0000000745580000)
 Metaspace       used 16328K, capacity 17136K, committed 17408K, reserved 1064960K
  class space    used 2038K, capacity 2232K, committed 2304K, reserved 1048576K
GC Heap History (10 events):
Event: 19099.337 GC heap before
{Heap before GC invocations=48 (full 0):
 PSYoungGen      total 27136K, used 24320K [0x0000000795580000, 0x0000000797300000, 0x00000007c0000000)
  eden space 24064K, 100% used [0x0000000795580000,0x0000000796d00000,0x0000000796d00000)
  from space 3072K, 8% used [0x0000000796d00000,0x0000000796d40000,0x0000000797000000)
  to   space 3072K, 0% used [0x0000000797000000,0x0000000797000000,0x0000000797300000)
 ParOldGen       total 87552K, used 63775K [0x0000000740000000, 0x0000000745580000, 0x0000000795580000)
  object space 87552K, 72% used [0x0000000740000000,0x0000000743e47eb8,0x0000000745580000)
 Metaspace       used 16328K, capacity 17136K, committed 17408K, reserved 1064960K
  class space    used 2038K, capacity 2232K, committed 2304K, reserved 1048576K
Event: 19099.338 GC heap after
Heap after GC invocations=48 (full 0):
 PSYoungGen      total 26112K, used 224K [0x0000000795580000, 0x0000000797200000, 0x00000007c0000000)
  eden space 24064K, 0% used [0x0000000795580000,0x0000000795580000,0x0000000796d00000)
  from space 2048K, 10% used [0x0000000797000000,0x0000000797038000,0x0000000797200000)
  to   space 2560K, 0% used [0x0000000796d00000,0x0000000796d00000,0x0000000796f80000)
 ParOldGen       total 87552K, used 63975K [0x0000000740000000, 0x0000000745580000, 0x0000000795580000)
  object space 87552K, 73% used [0x0000000740000000,0x0000000743e79eb8,0x0000000745580000)
 Metaspace       used 16328K, capacity 17136K, committed 17408K, reserved 1064960K
  class space    used 2038K, capacity 2232K, committed 2304K, reserved 1048576K
}
Event: 19549.503 GC heap before
{Heap before GC invocations=49 (full 0):
 PSYoungGen      total 26112K, used 24288K [0x0000000795580000, 0x0000000797200000, 0x00000007c0000000)
  eden space 24064K, 100% used [0x0000000795580000,0x0000000796d00000,0x0000000796d00000)
  from space 2048K, 10% used [0x0000000797000000,0x0000000797038000,0x0000000797200000)
  to   space 2560K, 0% used [0x0000000796d00000,0x0000000796d00000,0x0000000796f80000)
 ParOldGen       total 87552K, used 63975K [0x0000000740000000, 0x0000000745580000, 0x0000000795580000)
  object space 87552K, 73% used [0x0000000740000000,0x0000000743e79eb8,0x0000000745580000)
 Metaspace       used 16328K, capacity 17136K, committed 17408K, reserved 1064960K
  class space    used 2038K, capacity 2232K, committed 2304K, reserved 1048576K
Event: 19549.504 GC heap after
Heap after GC invocations=49 (full 0):
 PSYoungGen      total 26624K, used 224K [0x0000000795580000, 0x0000000797200000, 0x00000007c0000000)
  eden space 24064K, 0% used [0x0000000795580000,0x0000000795580000,0x0000000796d00000)
  from space 2560K, 8% used [0x0000000796d00000,0x0000000796d38000,0x0000000796f80000)
  to   space 2560K, 0% used [0x0000000796f80000,0x0000000796f80000,0x0000000797200000)
 ParOldGen       total 87552K, used 64183K [0x0000000740000000, 0x0000000745580000, 0x0000000795580000)
  object space 87552K, 73% used [0x0000000740000000,0x0000000743eadeb8,0x0000000745580000)
 Metaspace       used 16328K, capacity 17136K, committed 17408K, reserved 1064960K
  class space    used 2038K, capacity 2232K, committed 2304K, reserved 1048576K
}
Event: 19994.334 GC heap before
{Heap before GC invocations=50 (full 0):
 PSYoungGen      total 26624K, used 24288K [0x0000000795580000, 0x0000000797200000, 0x00000007c0000000)
  eden space 24064K, 100% used [0x0000000795580000,0x0000000796d00000,0x0000000796d00000)
  from space 2560K, 8% used [0x0000000796d00000,0x0000000796d38000,0x0000000796f80000)
  to   space 2560K, 0% used [0x0000000796f80000,0x0000000796f80000,0x0000000797200000)
 ParOldGen       total 87552K, used 64183K [0x0000000740000000, 0x0000000745580000, 0x0000000795580000)
  object space 87552K, 73% used [0x0000000740000000,0x0000000743eadeb8,0x0000000745580000)
 Metaspace       used 16328K, capacity 17136K, committed 17408K, reserved 1064960K
  class space    used 2038K, capacity 2232K, committed 2304K, reserved 1048576K
Event: 19994.335 GC heap after
Heap after GC invocations=50 (full 0):
 PSYoungGen      total 26624K, used 224K [0x0000000795580000, 0x0000000797200000, 0x00000007c0000000)
  eden space 24064K, 0% used [0x0000000795580000,0x0000000795580000,0x0000000796d00000)
  from space 2560K, 8% used [0x0000000796f80000,0x0000000796fb8000,0x0000000797200000)
  to   space 2560K, 0% used [0x0000000796d00000,0x0000000796d00000,0x0000000796f80000)
 ParOldGen       total 87552K, used 64391K [0x0000000740000000, 0x0000000745580000, 0x0000000795580000)
  object space 87552K, 73% used [0x0000000740000000,0x0000000743ee1eb8,0x0000000745580000)
 Metaspace       used 16328K, capacity 17136K, committed 17408K, reserved 1064960K
  class space    used 2038K, capacity 2232K, committed 2304K, reserved 1048576K
}
Event: 20438.537 GC heap before
{Heap before GC invocations=51 (full 0):
 PSYoungGen      total 26624K, used 24288K [0x0000000795580000, 0x0000000797200000, 0x00000007c0000000)
  eden space 24064K, 100% used [0x0000000795580000,0x0000000796d00000,0x0000000796d00000)
  from space 2560K, 8% used [0x0000000796f80000,0x0000000796fb8000,0x0000000797200000)
  to   space 2560K, 0% used [0x0000000796d00000,0x0000000796d00000,0x0000000796f80000)
 ParOldGen       total 87552K, used 64391K [0x0000000740000000, 0x0000000745580000, 0x0000000795580000)
  object space 87552K, 73% used [0x0000000740000000,0x0000000743ee1eb8,0x0000000745580000)
 Metaspace       used 16328K, capacity 17136K, committed 17408K, reserved 1064960K
  class space    used 2038K, capacity 2232K, committed 2304K, reserved 1048576K
Event: 20438.538 GC heap after
Heap after GC invocations=51 (full 0):
 PSYoungGen      total 24576K, used 224K [0x0000000795580000, 0x0000000797100000, 0x00000007c0000000)
  eden space 24064K, 0% used [0x0000000795580000,0x0000000795580000,0x0000000796d00000)
  from space 512K, 43% used [0x0000000796d00000,0x0000000796d38000,0x0000000796d80000)
  to   space 2048K, 0% used [0x0000000796f00000,0x0000000796f00000,0x0000000797100000)
 ParOldGen       total 87552K, used 64599K [0x0000000740000000, 0x0000000745580000, 0x0000000795580000)
  object space 87552K, 73% used [0x0000000740000000,0x0000000743f15eb8,0x0000000745580000)
 Metaspace       used 16328K, capacity 17136K, committed 17408K, reserved 1064960K
  class space    used 2038K, capacity 2232K, committed 2304K, reserved 1048576K
}
Event: 20889.089 GC heap before
{Heap before GC invocations=52 (full 0):
 PSYoungGen      total 24576K, used 24288K [0x0000000795580000, 0x0000000797100000, 0x00000007c0000000)
  eden space 24064K, 100% used [0x0000000795580000,0x0000000796d00000,0x0000000796d00000)
  from space 512K, 43% used [0x0000000796d00000,0x0000000796d38000,0x0000000796d80000)
  to   space 2048K, 0% used [0x0000000796f00000,0x0000000796f00000,0x0000000797100000)
 ParOldGen       total 87552K, used 64599K [0x0000000740000000, 0x0000000745580000, 0x0000000795580000)
  object space 87552K, 73% used [0x0000000740000000,0x0000000743f15eb8,0x0000000745580000)
 Metaspace       used 16328K, capacity 17136K, committed 17408K, reserved 1064960K
  class space    used 2038K, capacity 2232K, committed 2304K, reserved 1048576K
Event: 20889.090 GC heap after
Heap after GC invocations=52 (full 0):
 PSYoungGen      total 26112K, used 224K [0x0000000795580000, 0x0000000797100000, 0x00000007c0000000)
  eden space 24064K, 0% used [0x0000000795580000,0x0000000795580000,0x0000000796d00000)
  from space 2048K, 10% used [0x0000000796f00000,0x0000000796f38000,0x0000000797100000)
  to   space 2048K, 0% used [0x0000000796d00000,0x0000000796d00000,0x0000000796f00000)
 ParOldGen       total 87552K, used 64799K [0x0000000740000000, 0x0000000745580000, 0x0000000795580000)
  object space 87552K, 74% used [0x0000000740000000,0x0000000743f47eb8,0x0000000745580000)
 Metaspace       used 16328K, capacity 17136K, committed 17408K, reserved 1064960K
  class space    used 2038K, capacity 2232K, committed 2304K, reserved 1048576K
}

