# JRE version: Java(TM) SE Runtime Environment (8.0_131-b11) (build 1.8.0_131-b11)
# Java VM: Java HotSpot(TM) 64-Bit Server VM (25.131-b11 mixed mode bsd-amd64 compressed oops)
Heap:
 PSYoungGen      total 27136K, used 4456K [0x000000016b580000, 0x000000016d400000, 0x0000000196000000)
  eden space 24064K, 17% used [0x000000016b580000,0x000000016b9ba360,0x000000016cd00000)
  from space 3072K, 4% used [0x000000016d100000,0x000000016d120000,0x000000016d400000)
  to   space 3584K, 0% used [0x000000016cd00000,0x000000016cd00000,0x000000016d080000)
 ParOldGen       total 87552K, used 65903K [0x0000000116000000, 0x000000011b580000, 0x000000016b580000)
  object space 87552K, 75% used [0x0000000116000000,0x000000011a05bfa8,0x000000011b580000)
 Metaspace       used 16085K, capacity 16902K, committed 17152K, reserved 1064960K
  class space    used 2025K, capacity 2221K, committed 2304K, reserved 1048576K
GC Heap History (10 events):
Event: 16007.248 GC heap before
{Heap before GC invocations=40 (full 0):
 PSYoungGen      total 24576K, used 24288K [0x000000016b580000, 0x000000016d700000, 0x0000000196000000)
  eden space 24064K, 100% used [0x000000016b580000,0x000000016cd00000,0x000000016cd00000)
  from space 512K, 43% used [0x000000016cd00000,0x000000016cd38000,0x000000016cd80000)
  to   space 5120K, 0% used [0x000000016d200000,0x000000016d200000,0x000000016d700000)
 ParOldGen       total 87552K, used 65071K [0x0000000116000000, 0x000000011b580000, 0x000000016b580000)
  object space 87552K, 74% used [0x0000000116000000,0x0000000119f8bfa8,0x000000011b580000)
 Metaspace       used 16085K, capacity 16902K, committed 17152K, reserved 1064960K
  class space    used 2025K, capacity 2221K, committed 2304K, reserved 1048576K
Event: 16007.249 GC heap after
Heap after GC invocations=40 (full 0):
 PSYoungGen      total 29184K, used 224K [0x000000016b580000, 0x000000016d700000, 0x0000000196000000)
  eden space 24064K, 0% used [0x000000016b580000,0x000000016b580000,0x000000016cd00000)
  from space 5120K, 4% used [0x000000016d200000,0x000000016d238000,0x000000016d700000)
  to   space 5120K, 0% used [0x000000016cd00000,0x000000016cd00000,0x000000016d200000)
 ParOldGen       total 87552K, used 65287K [0x0000000116000000, 0x000000011b580000, 0x000000016b580000)
  object space 87552K, 74% used [0x0000000116000000,0x0000000119fc1fa8,0x000000011b580000)
 Metaspace       used 16085K, capacity 16902K, committed 17152K, reserved 1064960K
  class space    used 2025K, capacity 2221K, committed 2304K, reserved 1048576K
}
Event: 16459.550 GC heap before
{Heap before GC invocations=41 (full 0):
 PSYoungGen      total 29184K, used 24288K [0x000000016b580000, 0x000000016d700000, 0x0000000196000000)
  eden space 24064K, 100% used [0x000000016b580000,0x000000016cd00000,0x000000016cd00000)
  from space 5120K, 4% used [0x000000016d200000,0x000000016d238000,0x000000016d700000)
  to   space 5120K, 0% used [0x000000016cd00000,0x000000016cd00000,0x000000016d200000)
 ParOldGen       total 87552K, used 65287K [0x0000000116000000, 0x000000011b580000, 0x000000016b580000)
  object space 87552K, 74% used [0x0000000116000000,0x0000000119fc1fa8,0x000000011b580000)
 Metaspace       used 16085K, capacity 16902K, committed 17152K, reserved 1064960K
  class space    used 2025K, capacity 2221K, committed 2304K, reserved 1048576K
Event: 16459.551 GC heap after
Heap after GC invocations=41 (full 0):
 PSYoungGen      total 24576K, used 256K [0x000000016b580000, 0x000000016d600000, 0x0000000196000000)
  eden space 24064K, 0% used [0x000000016b580000,0x000000016b580000,0x000000016cd00000)
  from space 512K, 50% used [0x000000016cd00000,0x000000016cd40000,0x000000016cd80000)
  to   space 4608K, 0% used [0x000000016d180000,0x000000016d180000,0x000000016d600000)
 ParOldGen       total 87552K, used 65495K [0x0000000116000000, 0x000000011b580000, 0x000000016b580000)
  object space 87552K, 74% used [0x0000000116000000,0x0000000119ff5fa8,0x000000011b580000)
 Metaspace       used 16085K, capacity 16902K, committed 17152K, reserved 1064960K
  class space    used 2025K, capacity 2221K, committed 2304K, reserved 1048576K
}
Event: 16914.065 GC heap before
{Heap before GC invocations=42 (full 0):
 PSYoungGen      total 24576K, used 24320K [0x000000016b580000, 0x000000016d600000, 0x0000000196000000)
  eden space 24064K, 100% used [0x000000016b580000,0x000000016cd00000,0x000000016cd00000)
  from space 512K, 50% used [0x000000016cd00000,0x000000016cd40000,0x000000016cd80000)
  to   space 4608K, 0% used [0x000000016d180000,0x000000016d180000,0x000000016d600000)
 ParOldGen       total 87552K, used 65495K [0x0000000116000000, 0x000000011b580000, 0x000000016b580000)
  object space 87552K, 74% used [0x0000000116000000,0x0000000119ff5fa8,0x000000011b580000)
 Metaspace       used 16085K, capacity 16902K, committed 17152K, reserved 1064960K
  class space    used 2025K, capacity 2221K, committed 2304K, reserved 1048576K
Event: 16914.066 GC heap after
Heap after GC invocations=42 (full 0):
 PSYoungGen      total 27648K, used 224K [0x000000016b580000, 0x000000016d500000, 0x0000000196000000)
  eden space 24064K, 0% used [0x000000016b580000,0x000000016b580000,0x000000016cd00000)
  from space 3584K, 6% used [0x000000016d180000,0x000000016d1b8000,0x000000016d500000)
  to   space 4096K, 0% used [0x000000016cd00000,0x000000016cd00000,0x000000016d100000)
 ParOldGen       total 87552K, used 65703K [0x0000000116000000, 0x000000011b580000, 0x000000016b580000)
  object space 87552K, 75% used [0x0000000116000000,0x000000011a029fa8,0x000000011b580000)
 Metaspace       used 16085K, capacity 16902K, committed 17152K, reserved 1064960K
  class space    used 2025K, capacity 2221K, committed 2304K, reserved 1048576K
}
Event: 17346.824 GC heap before
{Heap before GC invocations=43 (full 0):
 PSYoungGen      total 27648K, used 24288K [0x000000016b580000, 0x000000016d500000, 0x0000000196000000)
  eden space 24064K, 100% used [0x000000016b580000,0x000000016cd00000,0x000000016cd00000)
  from space 3584K, 6% used [0x000000016d180000,0x000000016d1b8000,0x000000016d500000)
  to   space 4096K, 0% used [0x000000016cd00000,0x000000016cd00000,0x000000016d100000)
 ParOldGen       total 87552K, used 65703K [0x0000000116000000, 0x000000011b580000, 0x000000016b580000)
  object space 87552K, 75% used [0x0000000116000000,0x000000011a029fa8,0x000000011b580000)
 Metaspace       used 16085K, capacity 16902K, committed 17152K, reserved 1064960K
  class space    used 2025K, capacity 2221K, committed 2304K, reserved 1048576K
Event: 17346.825 GC heap after
Heap after GC invocations=43 (full 0):
 PSYoungGen      total 28160K, used 224K [0x000000016b580000, 0x000000016d500000, 0x0000000196000000)
  eden space 24064K, 0% used [0x000000016b580000,0x000000016b580000,0x000000016cd00000)
  from space 4096K, 5% used [0x000000016cd00000,0x000000016cd38000,0x000000016d100000)
  to   space 4096K, 0% used [0x000000016d100000,0x000000016d100000,0x000000016d500000)
 ParOldGen       total 87552K, used 65903K [0x0000000116000000, 0x000000011b580000, 0x000000016b580000)
  object space 87552K, 75% used [0x0000000116000000,0x000000011a05bfa8,0x000000011b580000)
 Metaspace       used 16085K, capacity 16902K, committed 17152K, reserved 1064960K
  class space    used 2025K, capacity 2221K, committed 2304K, reserved 1048576K
}
Event: 17813.799 GC heap before
{Heap before GC invocations=44 (full 0):
 PSYoungGen      total 28160K, used 24288K [0x000000016b580000, 0x000000016d500000, 0x0000000196000000)
  eden space 24064K, 100% used [0x000000016b580000,0x000000016cd00000,0x000000016cd00000)
  from space 4096K, 5% used [0x000000016cd00000,0x000000016cd38000,0x000000016d100000)
  to   space 4096K, 0% used [0x000000016d100000,0x000000016d100000,0x000000016d500000)
 ParOldGen       total 87552K, used 65903K [0x0000000116000000, 0x000000011b580000, 0x000000016b580000)
  object space 87552K, 75% used [0x0000000116000000,0x000000011a05bfa8,0x000000011b580000)
 Metaspace       used 16085K, capacity 16902K, committed 17152K, reserved 1064960K
  class space    used 2025K, capacity 2221K, committed 2304K, reserved 1048576K
Event: 17813.800 GC heap after
Heap after GC invocations=44 (full 0):
 PSYoungGen      total 27136K, used 128K [0x000000016b580000, 0x000000016d400000, 0x0000000196000000)
  eden space 24064K, 0% used [0x000000016b580000,0x000000016b580000,0x000000016cd00000)
  from space 3072K, 4% used [0x000000016d100000,0x000000016d120000,0x000000016d400000)
  to   space 3584K, 0% used [0x000000016cd00000,0x000000016cd00000,0x000000016d080000)
 ParOldGen       total 87552K, used 65903K [0x0000000116000000, 0x000000011b580000, 0x000000016b580000)
  object space 87552K, 75% used [0x0000000116000000,0x000000011a05bfa8,0x000000011b580000)
 Metaspace       used 16085K, capacity 16902K, committed 17152K, reserved 1064960K
  class space    used 2025K, capacity 2221K, committed 2304K, reserved 1048576K
}

