# JRE version: Java(TM) SE Runtime Environment (8.0_131-b11) (build 1.8.0_131-b11)
# Java VM: Java HotSpot(TM) 64-Bit Server VM (25.131-b11 mixed mode bsd-amd64 compressed oops)
Heap:
 PSYoungGen      total 27136K, used 4071K [0x0000000795580000, 0x0000000797300000, 0x00000007c0000000)
  eden space 24064K, 15% used [0x0000000795580000,0x0000000795941eb0,0x0000000796d00000)
  from space 3072K, 7% used [0x0000000796d00000,0x0000000796d38000,0x0000000797000000)
  to   space 3072K, 0% used [0x0000000797000000,0x0000000797000000,0x0000000797300000)
 ParOldGen       total 87552K, used 57521K [0x0000000740000000, 0x0000000745580000, 0x0000000795580000)
  object space 87552K, 65% used [0x0000000740000000,0x000000074382c738,0x0000000745580000)
 Metaspace       used 15993K, capacity 16776K, committed 16896K, reserved 1064960K
  class space    used 2007K, capacity 2184K, committed 2304K, reserved 1048576K
GC Heap History (10 events):
Event: 12026.369 GC heap before
{Heap before GC invocations=31 (full 0):
 PSYoungGen      total 27648K, used 24288K [0x0000000795580000, 0x0000000797500000, 0x00000007c0000000)
  eden space 24064K, 100% used [0x0000000795580000,0x0000000796d00000,0x0000000796d00000)
  from space 3584K, 6% used [0x0000000797180000,0x00000007971b8000,0x0000000797500000)
  to   space 4096K, 0% used [0x0000000796d00000,0x0000000796d00000,0x0000000797100000)
 ParOldGen       total 87552K, used 56489K [0x0000000740000000, 0x0000000745580000, 0x0000000795580000)
  object space 87552K, 64% used [0x0000000740000000,0x000000074372a738,0x0000000745580000)
 Metaspace       used 15993K, capacity 16776K, committed 16896K, reserved 1064960K
  class space    used 2007K, capacity 2184K, committed 2304K, reserved 1048576K
Event: 12026.370 GC heap after
Heap after GC invocations=31 (full 0):
 PSYoungGen      total 28160K, used 256K [0x0000000795580000, 0x0000000797500000, 0x00000007c0000000)
  eden space 24064K, 0% used [0x0000000795580000,0x0000000795580000,0x0000000796d00000)
  from space 4096K, 6% used [0x0000000796d00000,0x0000000796d40000,0x0000000797100000)
  to   space 4096K, 0% used [0x0000000797100000,0x0000000797100000,0x0000000797500000)
 ParOldGen       total 87552K, used 56697K [0x0000000740000000, 0x0000000745580000, 0x0000000795580000)
  object space 87552K, 64% used [0x0000000740000000,0x000000074375e738,0x0000000745580000)
 Metaspace       used 15993K, capacity 16776K, committed 16896K, reserved 1064960K
  class space    used 2007K, capacity 2184K, committed 2304K, reserved 1048576K
}
Event: 12414.912 GC heap before
{Heap before GC invocations=32 (full 0):
 PSYoungGen      total 28160K, used 24320K [0x0000000795580000, 0x0000000797500000, 0x00000007c0000000)
  eden space 24064K, 100% used [0x0000000795580000,0x0000000796d00000,0x0000000796d00000)
  from space 4096K, 6% used [0x0000000796d00000,0x0000000796d40000,0x0000000797100000)
  to   space 4096K, 0% used [0x0000000797100000,0x0000000797100000,0x0000000797500000)
 ParOldGen       total 87552K, used 56697K [0x0000000740000000, 0x0000000745580000, 0x0000000795580000)
  object space 87552K, 64% used [0x0000000740000000,0x000000074375e738,0x0000000745580000)
 Metaspace       used 15993K, capacity 16776K, committed 16896K, reserved 1064960K
  class space    used 2007K, capacity 2184K, committed 2304K, reserved 1048576K
Event: 12414.913 GC heap after
Heap after GC invocations=32 (full 0):
 PSYoungGen      total 27136K, used 256K [0x0000000795580000, 0x0000000797400000, 0x00000007c0000000)
  eden space 24064K, 0% used [0x0000000795580000,0x0000000795580000,0x0000000796d00000)
  from space 3072K, 8% used [0x0000000797100000,0x0000000797140000,0x0000000797400000)
  to   space 3584K, 0% used [0x0000000796d00000,0x0000000796d00000,0x0000000797080000)
 ParOldGen       total 87552K, used 56897K [0x0000000740000000, 0x0000000745580000, 0x0000000795580000)
  object space 87552K, 64% used [0x0000000740000000,0x0000000743790738,0x0000000745580000)
 Metaspace       used 15993K, capacity 16776K, committed 16896K, reserved 1064960K
  class space    used 2007K, capacity 2184K, committed 2304K, reserved 1048576K
}
Event: 12803.221 GC heap before
{Heap before GC invocations=33 (full 0):
 PSYoungGen      total 27136K, used 24320K [0x0000000795580000, 0x0000000797400000, 0x00000007c0000000)
  eden space 24064K, 100% used [0x0000000795580000,0x0000000796d00000,0x0000000796d00000)
  from space 3072K, 8% used [0x0000000797100000,0x0000000797140000,0x0000000797400000)
  to   space 3584K, 0% used [0x0000000796d00000,0x0000000796d00000,0x0000000797080000)
 ParOldGen       total 87552K, used 56897K [0x0000000740000000, 0x0000000745580000, 0x0000000795580000)
  object space 87552K, 64% used [0x0000000740000000,0x0000000743790738,0x0000000745580000)
 Metaspace       used 15993K, capacity 16776K, committed 16896K, reserved 1064960K
  class space    used 2007K, capacity 2184K, committed 2304K, reserved 1048576K
Event: 12803.222 GC heap after
Heap after GC invocations=33 (full 0):
 PSYoungGen      total 27648K, used 288K [0x0000000795580000, 0x0000000797400000, 0x00000007c0000000)
  eden space 24064K, 0% used [0x0000000795580000,0x0000000795580000,0x0000000796d00000)
  from space 3584K, 8% used [0x0000000796d00000,0x0000000796d48000,0x0000000797080000)
  to   space 3584K, 0% used [0x0000000797080000,0x0000000797080000,0x0000000797400000)
 ParOldGen       total 87552K, used 57105K [0x0000000740000000, 0x0000000745580000, 0x0000000795580000)
  object space 87552K, 65% used [0x0000000740000000,0x00000007437c4738,0x0000000745580000)
 Metaspace       used 15993K, capacity 16776K, committed 16896K, reserved 1064960K
  class space    used 2007K, capacity 2184K, committed 2304K, reserved 1048576K
}
Event: 13191.546 GC heap before
{Heap before GC invocations=34 (full 0):
 PSYoungGen      total 27648K, used 24352K [0x0000000795580000, 0x0000000797400000, 0x00000007c0000000)
  eden space 24064K, 100% used [0x0000000795580000,0x0000000796d00000,0x0000000796d00000)
  from space 3584K, 8% used [0x0000000796d00000,0x0000000796d48000,0x0000000797080000)
  to   space 3584K, 0% used [0x0000000797080000,0x0000000797080000,0x0000000797400000)
 ParOldGen       total 87552K, used 57105K [0x0000000740000000, 0x0000000745580000, 0x0000000795580000)
  object space 87552K, 65% used [0x0000000740000000,0x00000007437c4738,0x0000000745580000)
 Metaspace       used 15993K, capacity 16776K, committed 16896K, reserved 1064960K
  class space    used 2007K, capacity 2184K, committed 2304K, reserved 1048576K
Event: 13191.548 GC heap after
Heap after GC invocations=34 (full 0):
 PSYoungGen      total 26624K, used 256K [0x0000000795580000, 0x0000000797300000, 0x00000007c0000000)
  eden space 24064K, 0% used [0x0000000795580000,0x0000000795580000,0x0000000796d00000)
  from space 2560K, 10% used [0x0000000797080000,0x00000007970c0000,0x0000000797300000)
  to   space 3072K, 0% used [0x0000000796d00000,0x0000000796d00000,0x0000000797000000)
 ParOldGen       total 87552K, used 57313K [0x0000000740000000, 0x0000000745580000, 0x0000000795580000)
  object space 87552K, 65% used [0x0000000740000000,0x00000007437f8738,0x0000000745580000)
 Metaspace       used 15993K, capacity 16776K, committed 16896K, reserved 1064960K
  class space    used 2007K, capacity 2184K, committed 2304K, reserved 1048576K
}
Event: 13580.055 GC heap before
{Heap before GC invocations=35 (full 0):
 PSYoungGen      total 26624K, used 24320K [0x0000000795580000, 0x0000000797300000, 0x00000007c0000000)
  eden space 24064K, 100% used [0x0000000795580000,0x0000000796d00000,0x0000000796d00000)
  from space 2560K, 10% used [0x0000000797080000,0x00000007970c0000,0x0000000797300000)
  to   space 3072K, 0% used [0x0000000796d00000,0x0000000796d00000,0x0000000797000000)
 ParOldGen       total 87552K, used 57313K [0x0000000740000000, 0x0000000745580000, 0x0000000795580000)
  object space 87552K, 65% used [0x0000000740000000,0x00000007437f8738,0x0000000745580000)
 Metaspace       used 15993K, capacity 16776K, committed 16896K, reserved 1064960K
  class space    used 2007K, capacity 2184K, committed 2304K, reserved 1048576K
Event: 13580.056 GC heap after
Heap after GC invocations=35 (full 0):
 PSYoungGen      total 27136K, used 224K [0x0000000795580000, 0x0000000797300000, 0x00000007c0000000)
  eden space 24064K, 0% used [0x0000000795580000,0x0000000795580000,0x0000000796d00000)
  from space 3072K, 7% used [0x0000000796d00000,0x0000000796d38000,0x0000000797000000)
  to   space 3072K, 0% used [0x0000000797000000,0x0000000797000000,0x0000000797300000)
 ParOldGen       total 87552K, used 57521K [0x0000000740000000, 0x0000000745580000, 0x0000000795580000)
  object space 87552K, 65% used [0x0000000740000000,0x000000074382c738,0x0000000745580000)
 Metaspace       used 15993K, capacity 16776K, committed 16896K, reserved 1064960K
  class space    used 2007K, capacity 2184K, committed 2304K, reserved 1048576K
}

