# JRE version: Java(TM) SE Runtime Environment (8.0_131-b11) (build 1.8.0_131-b11)
# Java VM: Java HotSpot(TM) 64-Bit Server VM (25.131-b11 mixed mode bsd-amd64 compressed oops)
Heap:
 PSYoungGen      total 27136K, used 2949K [0x0000000795580000, 0x0000000797400000, 0x00000007c0000000)
  eden space 24064K, 11% used [0x0000000795580000,0x00000007958517e0,0x0000000796d00000)
  from space 3072K, 2% used [0x0000000797100000,0x0000000797110000,0x0000000797400000)
  to   space 3584K, 0% used [0x0000000796d00000,0x0000000796d00000,0x0000000797080000)
 ParOldGen       total 87552K, used 63826K [0x0000000740000000, 0x0000000745580000, 0x0000000795580000)
  object space 87552K, 72% used [0x0000000740000000,0x0000000743e54ad8,0x0000000745580000)
 Metaspace       used 16104K, capacity 16902K, committed 17152K, reserved 1064960K
  class space    used 2026K, capacity 2221K, committed 2304K, reserved 1048576K
GC Heap History (10 events):
Event: 15988.921 GC heap before
{Heap before GC invocations=40 (full 0):
 PSYoungGen      total 24576K, used 24320K [0x0000000795580000, 0x0000000797700000, 0x00000007c0000000)
  eden space 24064K, 100% used [0x0000000795580000,0x0000000796d00000,0x0000000796d00000)
  from space 512K, 50% used [0x0000000796d00000,0x0000000796d40000,0x0000000796d80000)
  to   space 5120K, 0% used [0x0000000797200000,0x0000000797200000,0x0000000797700000)
 ParOldGen       total 87552K, used 63010K [0x0000000740000000, 0x0000000745580000, 0x0000000795580000)
  object space 87552K, 71% used [0x0000000740000000,0x0000000743d88ad8,0x0000000745580000)
 Metaspace       used 16104K, capacity 16902K, committed 17152K, reserved 1064960K
  class space    used 2026K, capacity 2221K, committed 2304K, reserved 1048576K
Event: 15988.922 GC heap after
Heap after GC invocations=40 (full 0):
 PSYoungGen      total 29184K, used 256K [0x0000000795580000, 0x0000000797700000, 0x00000007c0000000)
  eden space 24064K, 0% used [0x0000000795580000,0x0000000795580000,0x0000000796d00000)
  from space 5120K, 5% used [0x0000000797200000,0x0000000797240000,0x0000000797700000)
  to   space 5120K, 0% used [0x0000000796d00000,0x0000000796d00000,0x0000000797200000)
 ParOldGen       total 87552K, used 63218K [0x0000000740000000, 0x0000000745580000, 0x0000000795580000)
  object space 87552K, 72% used [0x0000000740000000,0x0000000743dbcad8,0x0000000745580000)
 Metaspace       used 16104K, capacity 16902K, committed 17152K, reserved 1064960K
  class space    used 2026K, capacity 2221K, committed 2304K, reserved 1048576K
}
Event: 16435.610 GC heap before
{Heap before GC invocations=41 (full 0):
 PSYoungGen      total 29184K, used 24320K [0x0000000795580000, 0x0000000797700000, 0x00000007c0000000)
  eden space 24064K, 100% used [0x0000000795580000,0x0000000796d00000,0x0000000796d00000)
  from space 5120K, 5% used [0x0000000797200000,0x0000000797240000,0x0000000797700000)
  to   space 5120K, 0% used [0x0000000796d00000,0x0000000796d00000,0x0000000797200000)
 ParOldGen       total 87552K, used 63218K [0x0000000740000000, 0x0000000745580000, 0x0000000795580000)
  object space 87552K, 72% used [0x0000000740000000,0x0000000743dbcad8,0x0000000745580000)
 Metaspace       used 16104K, capacity 16902K, committed 17152K, reserved 1064960K
  class space    used 2026K, capacity 2221K, committed 2304K, reserved 1048576K
Event: 16435.611 GC heap after
Heap after GC invocations=41 (full 0):
 PSYoungGen      total 24576K, used 256K [0x0000000795580000, 0x0000000797600000, 0x00000007c0000000)
  eden space 24064K, 0% used [0x0000000795580000,0x0000000795580000,0x0000000796d00000)
  from space 512K, 50% used [0x0000000796d00000,0x0000000796d40000,0x0000000796d80000)
  to   space 4608K, 0% used [0x0000000797180000,0x0000000797180000,0x0000000797600000)
 ParOldGen       total 87552K, used 63418K [0x0000000740000000, 0x0000000745580000, 0x0000000795580000)
  object space 87552K, 72% used [0x0000000740000000,0x0000000743deead8,0x0000000745580000)
 Metaspace       used 16104K, capacity 16902K, committed 17152K, reserved 1064960K
  class space    used 2026K, capacity 2221K, committed 2304K, reserved 1048576K
}
Event: 16887.732 GC heap before
{Heap before GC invocations=42 (full 0):
 PSYoungGen      total 24576K, used 24320K [0x0000000795580000, 0x0000000797600000, 0x00000007c0000000)
  eden space 24064K, 100% used [0x0000000795580000,0x0000000796d00000,0x0000000796d00000)
  from space 512K, 50% used [0x0000000796d00000,0x0000000796d40000,0x0000000796d80000)
  to   space 4608K, 0% used [0x0000000797180000,0x0000000797180000,0x0000000797600000)
 ParOldGen       total 87552K, used 63418K [0x0000000740000000, 0x0000000745580000, 0x0000000795580000)
  object space 87552K, 72% used [0x0000000740000000,0x0000000743deead8,0x0000000745580000)
 Metaspace       used 16104K, capacity 16902K, committed 17152K, reserved 1064960K
  class space    used 2026K, capacity 2221K, committed 2304K, reserved 1048576K
Event: 16887.733 GC heap after
Heap after GC invocations=42 (full 0):
 PSYoungGen      total 27648K, used 288K [0x0000000795580000, 0x0000000797500000, 0x00000007c0000000)
  eden space 24064K, 0% used [0x0000000795580000,0x0000000795580000,0x0000000796d00000)
  from space 3584K, 8% used [0x0000000797180000,0x00000007971c8000,0x0000000797500000)
  to   space 4096K, 0% used [0x0000000796d00000,0x0000000796d00000,0x0000000797100000)
 ParOldGen       total 87552K, used 63618K [0x0000000740000000, 0x0000000745580000, 0x0000000795580000)
  object space 87552K, 72% used [0x0000000740000000,0x0000000743e20ad8,0x0000000745580000)
 Metaspace       used 16104K, capacity 16902K, committed 17152K, reserved 1064960K
  class space    used 2026K, capacity 2221K, committed 2304K, reserved 1048576K
}
Event: 17332.986 GC heap before
{Heap before GC invocations=43 (full 0):
 PSYoungGen      total 27648K, used 24352K [0x0000000795580000, 0x0000000797500000, 0x00000007c0000000)
  eden space 24064K, 100% used [0x0000000795580000,0x0000000796d00000,0x0000000796d00000)
  from space 3584K, 8% used [0x0000000797180000,0x00000007971c8000,0x0000000797500000)
  to   space 4096K, 0% used [0x0000000796d00000,0x0000000796d00000,0x0000000797100000)
 ParOldGen       total 87552K, used 63618K [0x0000000740000000, 0x0000000745580000, 0x0000000795580000)
  object space 87552K, 72% used [0x0000000740000000,0x0000000743e20ad8,0x0000000745580000)
 Metaspace       used 16104K, capacity 16902K, committed 17152K, reserved 1064960K
  class space    used 2026K, capacity 2221K, committed 2304K, reserved 1048576K
Event: 17332.987 GC heap after
Heap after GC invocations=43 (full 0):
 PSYoungGen      total 28160K, used 256K [0x0000000795580000, 0x0000000797500000, 0x00000007c0000000)
  eden space 24064K, 0% used [0x0000000795580000,0x0000000795580000,0x0000000796d00000)
  from space 4096K, 6% used [0x0000000796d00000,0x0000000796d40000,0x0000000797100000)
  to   space 4096K, 0% used [0x0000000797100000,0x0000000797100000,0x0000000797500000)
 ParOldGen       total 87552K, used 63818K [0x0000000740000000, 0x0000000745580000, 0x0000000795580000)
  object space 87552K, 72% used [0x0000000740000000,0x0000000743e52ad8,0x0000000745580000)
 Metaspace       used 16104K, capacity 16902K, committed 17152K, reserved 1064960K
  class space    used 2026K, capacity 2221K, committed 2304K, reserved 1048576K
}
Event: 17789.531 GC heap before
{Heap before GC invocations=44 (full 0):
 PSYoungGen      total 28160K, used 24320K [0x0000000795580000, 0x0000000797500000, 0x00000007c0000000)
  eden space 24064K, 100% used [0x0000000795580000,0x0000000796d00000,0x0000000796d00000)
  from space 4096K, 6% used [0x0000000796d00000,0x0000000796d40000,0x0000000797100000)
  to   space 4096K, 0% used [0x0000000797100000,0x0000000797100000,0x0000000797500000)
 ParOldGen       total 87552K, used 63818K [0x0000000740000000, 0x0000000745580000, 0x0000000795580000)
  object space 87552K, 72% used [0x0000000740000000,0x0000000743e52ad8,0x0000000745580000)
 Metaspace       used 16104K, capacity 16902K, committed 17152K, reserved 1064960K
  class space    used 2026K, capacity 2221K, committed 2304K, reserved 1048576K
Event: 17789.531 GC heap after
Heap after GC invocations=44 (full 0):
 PSYoungGen      total 27136K, used 64K [0x0000000795580000, 0x0000000797400000, 0x00000007c0000000)
  eden space 24064K, 0% used [0x0000000795580000,0x0000000795580000,0x0000000796d00000)
  from space 3072K, 2% used [0x0000000797100000,0x0000000797110000,0x0000000797400000)
  to   space 3584K, 0% used [0x0000000796d00000,0x0000000796d00000,0x0000000797080000)
 ParOldGen       total 87552K, used 63826K [0x0000000740000000, 0x0000000745580000, 0x0000000795580000)
  object space 87552K, 72% used [0x0000000740000000,0x0000000743e54ad8,0x0000000745580000)
 Metaspace       used 16104K, capacity 16902K, committed 17152K, reserved 1064960K
  class space    used 2026K, capacity 2221K, committed 2304K, reserved 1048576K
}

