# JRE version: Java(TM) SE Runtime Environment (8.0_131-b11) (build 1.8.0_131-b11)
# Java VM: Java HotSpot(TM) 64-Bit Server VM (25.131-b11 mixed mode bsd-amd64 compressed oops)
Heap:
 PSYoungGen      total 25600K, used 14656K [0x0000000795580000, 0x0000000797000000, 0x00000007c0000000)
  eden space 24064K, 59% used [0x0000000795580000,0x0000000796398290,0x0000000796d00000)
  from space 1536K, 14% used [0x0000000796d00000,0x0000000796d38000,0x0000000796e80000)
  to   space 1536K, 0% used [0x0000000796e80000,0x0000000796e80000,0x0000000797000000)
 ParOldGen       total 80384K, used 31035K [0x0000000740000000, 0x0000000744e80000, 0x0000000795580000)
  object space 80384K, 38% used [0x0000000740000000,0x0000000741e4ef18,0x0000000744e80000)
 Metaspace       used 16153K, capacity 16958K, committed 17152K, reserved 1064960K
  class space    used 2012K, capacity 2189K, committed 2304K, reserved 1048576K
GC Heap History (10 events):
Event: 32062.436 GC heap before
{Heap before GC invocations=62 (full 1):
 PSYoungGen      total 27136K, used 26368K [0x0000000795580000, 0x0000000797300000, 0x00000007c0000000)
  eden space 26112K, 100% used [0x0000000795580000,0x0000000796f00000,0x0000000796f00000)
  from space 1024K, 25% used [0x0000000797200000,0x0000000797240000,0x0000000797300000)
  to   space 2048K, 0% used [0x0000000796f00000,0x0000000796f00000,0x0000000797100000)
 ParOldGen       total 80384K, used 30107K [0x0000000740000000, 0x0000000744e80000, 0x0000000795580000)
  object space 80384K, 37% used [0x0000000740000000,0x0000000741d66f18,0x0000000744e80000)
 Metaspace       used 16153K, capacity 16958K, committed 17152K, reserved 1064960K
  class space    used 2012K, capacity 2189K, committed 2304K, reserved 1048576K
Event: 32062.437 GC heap after
Heap after GC invocations=62 (full 1):
 PSYoungGen      total 26112K, used 224K [0x0000000795580000, 0x0000000797280000, 0x00000007c0000000)
  eden space 25600K, 0% used [0x0000000795580000,0x0000000795580000,0x0000000796e80000)
  from space 512K, 43% used [0x0000000796f00000,0x0000000796f38000,0x0000000796f80000)
  to   space 2048K, 0% used [0x0000000797080000,0x0000000797080000,0x0000000797280000)
 ParOldGen       total 80384K, used 30299K [0x0000000740000000, 0x0000000744e80000, 0x0000000795580000)
  object space 80384K, 37% used [0x0000000740000000,0x0000000741d96f18,0x0000000744e80000)
 Metaspace       used 16153K, capacity 16958K, committed 17152K, reserved 1064960K
  class space    used 2012K, capacity 2189K, committed 2304K, reserved 1048576K
}
Event: 32461.257 GC heap before
{Heap before GC invocations=63 (full 1):
 PSYoungGen      total 26112K, used 25824K [0x0000000795580000, 0x0000000797280000, 0x00000007c0000000)
  eden space 25600K, 100% used [0x0000000795580000,0x0000000796e80000,0x0000000796e80000)
  from space 512K, 43% used [0x0000000796f00000,0x0000000796f38000,0x0000000796f80000)
  to   space 2048K, 0% used [0x0000000797080000,0x0000000797080000,0x0000000797280000)
 ParOldGen       total 80384K, used 30299K [0x0000000740000000, 0x0000000744e80000, 0x0000000795580000)
  object space 80384K, 37% used [0x0000000740000000,0x0000000741d96f18,0x0000000744e80000)
 Metaspace       used 16153K, capacity 16958K, committed 17152K, reserved 1064960K
  class space    used 2012K, capacity 2189K, committed 2304K, reserved 1048576K
Event: 32461.276 GC heap after
Heap after GC invocations=63 (full 1):
 PSYoungGen      total 26624K, used 224K [0x0000000795580000, 0x0000000797200000, 0x00000007c0000000)
  eden space 25088K, 0% used [0x0000000795580000,0x0000000795580000,0x0000000796e00000)
  from space 1536K, 14% used [0x0000000797080000,0x00000007970b8000,0x0000000797200000)
  to   space 2048K, 0% used [0x0000000796e00000,0x0000000796e00000,0x0000000797000000)
 ParOldGen       total 80384K, used 30491K [0x0000000740000000, 0x0000000744e80000, 0x0000000795580000)
  object space 80384K, 37% used [0x0000000740000000,0x0000000741dc6f18,0x0000000744e80000)
 Metaspace       used 16153K, capacity 16958K, committed 17152K, reserved 1064960K
  class space    used 2012K, capacity 2189K, committed 2304K, reserved 1048576K
}
Event: 32841.773 GC heap before
{Heap before GC invocations=64 (full 1):
 PSYoungGen      total 26624K, used 25312K [0x0000000795580000, 0x0000000797200000, 0x00000007c0000000)
  eden space 25088K, 100% used [0x0000000795580000,0x0000000796e00000,0x0000000796e00000)
  from space 1536K, 14% used [0x0000000797080000,0x00000007970b8000,0x0000000797200000)
  to   space 2048K, 0% used [0x0000000796e00000,0x0000000796e00000,0x0000000797000000)
 ParOldGen       total 80384K, used 30491K [0x0000000740000000, 0x0000000744e80000, 0x0000000795580000)
  object space 80384K, 37% used [0x0000000740000000,0x0000000741dc6f18,0x0000000744e80000)
 Metaspace       used 16153K, capacity 16958K, committed 17152K, reserved 1064960K
  class space    used 2012K, capacity 2189K, committed 2304K, reserved 1048576K
Event: 32841.774 GC heap after
Heap after GC invocations=64 (full 1):
 PSYoungGen      total 25088K, used 224K [0x0000000795580000, 0x0000000797180000, 0x00000007c0000000)
  eden space 24576K, 0% used [0x0000000795580000,0x0000000795580000,0x0000000796d80000)
  from space 512K, 43% used [0x0000000796e00000,0x0000000796e38000,0x0000000796e80000)
  to   space 2048K, 0% used [0x0000000796f80000,0x0000000796f80000,0x0000000797180000)
 ParOldGen       total 80384K, used 30675K [0x0000000740000000, 0x0000000744e80000, 0x0000000795580000)
  object space 80384K, 38% used [0x0000000740000000,0x0000000741df4f18,0x0000000744e80000)
 Metaspace       used 16153K, capacity 16958K, committed 17152K, reserved 1064960K
  class space    used 2012K, capacity 2189K, committed 2304K, reserved 1048576K
}
Event: 33214.738 GC heap before
{Heap before GC invocations=65 (full 1):
 PSYoungGen      total 25088K, used 24800K [0x0000000795580000, 0x0000000797180000, 0x00000007c0000000)
  eden space 24576K, 100% used [0x0000000795580000,0x0000000796d80000,0x0000000796d80000)
  from space 512K, 43% used [0x0000000796e00000,0x0000000796e38000,0x0000000796e80000)
  to   space 2048K, 0% used [0x0000000796f80000,0x0000000796f80000,0x0000000797180000)
 ParOldGen       total 80384K, used 30675K [0x0000000740000000, 0x0000000744e80000, 0x0000000795580000)
  object space 80384K, 38% used [0x0000000740000000,0x0000000741df4f18,0x0000000744e80000)
 Metaspace       used 16153K, capacity 16958K, committed 17152K, reserved 1064960K
  class space    used 2012K, capacity 2189K, committed 2304K, reserved 1048576K
Event: 33214.768 GC heap after
Heap after GC invocations=65 (full 1):
 PSYoungGen      total 24576K, used 224K [0x0000000795580000, 0x0000000797000000, 0x00000007c0000000)
  eden space 24064K, 0% used [0x0000000795580000,0x0000000795580000,0x0000000796d00000)
  from space 512K, 43% used [0x0000000796f80000,0x0000000796fb8000,0x0000000797000000)
  to   space 1536K, 0% used [0x0000000796d00000,0x0000000796d00000,0x0000000796e80000)
 ParOldGen       total 80384K, used 30851K [0x0000000740000000, 0x0000000744e80000, 0x0000000795580000)
  object space 80384K, 38% used [0x0000000740000000,0x0000000741e20f18,0x0000000744e80000)
 Metaspace       used 16153K, capacity 16958K, committed 17152K, reserved 1064960K
  class space    used 2012K, capacity 2189K, committed 2304K, reserved 1048576K
}
Event: 33579.120 GC heap before
{Heap before GC invocations=66 (full 1):
 PSYoungGen      total 24576K, used 24288K [0x0000000795580000, 0x0000000797000000, 0x00000007c0000000)
  eden space 24064K, 100% used [0x0000000795580000,0x0000000796d00000,0x0000000796d00000)
  from space 512K, 43% used [0x0000000796f80000,0x0000000796fb8000,0x0000000797000000)
  to   space 1536K, 0% used [0x0000000796d00000,0x0000000796d00000,0x0000000796e80000)
 ParOldGen       total 80384K, used 30851K [0x0000000740000000, 0x0000000744e80000, 0x0000000795580000)
  object space 80384K, 38% used [0x0000000740000000,0x0000000741e20f18,0x0000000744e80000)
 Metaspace       used 16153K, capacity 16958K, committed 17152K, reserved 1064960K
  class space    used 2012K, capacity 2189K, committed 2304K, reserved 1048576K
Event: 33579.121 GC heap after
Heap after GC invocations=66 (full 1):
 PSYoungGen      total 25600K, used 224K [0x0000000795580000, 0x0000000797000000, 0x00000007c0000000)
  eden space 24064K, 0% used [0x0000000795580000,0x0000000795580000,0x0000000796d00000)
  from space 1536K, 14% used [0x0000000796d00000,0x0000000796d38000,0x0000000796e80000)
  to   space 1536K, 0% used [0x0000000796e80000,0x0000000796e80000,0x0000000797000000)
 ParOldGen       total 80384K, used 31035K [0x0000000740000000, 0x0000000744e80000, 0x0000000795580000)
  object space 80384K, 38% used [0x0000000740000000,0x0000000741e4ef18,0x0000000744e80000)
 Metaspace       used 16153K, capacity 16958K, committed 17152K, reserved 1064960K
  class space    used 2012K, capacity 2189K, committed 2304K, reserved 1048576K
}

