# JRE version: Java(TM) SE Runtime Environment (8.0_131-b11) (build 1.8.0_131-b11)
# Java VM: Java HotSpot(TM) 64-Bit Server VM (25.131-b11 mixed mode bsd-amd64 compressed oops)
Heap:
 PSYoungGen      total 24576K, used 18430K [0x0000000795580000, 0x0000000796e80000, 0x00000007c0000000)
  eden space 24064K, 75% used [0x0000000795580000,0x0000000796747810,0x0000000796d00000)
  from space 512K, 43% used [0x0000000796e00000,0x0000000796e38000,0x0000000796e80000)
  to   space 512K, 0% used [0x0000000796d80000,0x0000000796d80000,0x0000000796e00000)
 ParOldGen       total 87552K, used 68935K [0x0000000740000000, 0x0000000745580000, 0x0000000795580000)
  object space 87552K, 78% used [0x0000000740000000,0x0000000744351e40,0x0000000745580000)
 Metaspace       used 16375K, capacity 17216K, committed 17408K, reserved 1064960K
  class space    used 2036K, capacity 2234K, committed 2304K, reserved 1048576K
GC Heap History (10 events):
Event: 19983.978 GC heap before
{Heap before GC invocations=68 (full 0):
 PSYoungGen      total 25088K, used 24288K [0x0000000795580000, 0x0000000796f00000, 0x00000007c0000000)
  eden space 24064K, 100% used [0x0000000795580000,0x0000000796d00000,0x0000000796d00000)
  from space 1024K, 21% used [0x0000000796d00000,0x0000000796d38000,0x0000000796e00000)
  to   space 1024K, 0% used [0x0000000796e00000,0x0000000796e00000,0x0000000796f00000)
 ParOldGen       total 87552K, used 68151K [0x0000000740000000, 0x0000000745580000, 0x0000000795580000)
  object space 87552K, 77% used [0x0000000740000000,0x000000074428de40,0x0000000745580000)
 Metaspace       used 16375K, capacity 17216K, committed 17408K, reserved 1064960K
  class space    used 2036K, capacity 2234K, committed 2304K, reserved 1048576K
Event: 19983.979 GC heap after
Heap after GC invocations=68 (full 0):
 PSYoungGen      total 25088K, used 224K [0x0000000795580000, 0x0000000796f00000, 0x00000007c0000000)
  eden space 24064K, 0% used [0x0000000795580000,0x0000000795580000,0x0000000796d00000)
  from space 1024K, 21% used [0x0000000796e00000,0x0000000796e38000,0x0000000796f00000)
  to   space 1024K, 0% used [0x0000000796d00000,0x0000000796d00000,0x0000000796e00000)
 ParOldGen       total 87552K, used 68303K [0x0000000740000000, 0x0000000745580000, 0x0000000795580000)
  object space 87552K, 78% used [0x0000000740000000,0x00000007442b3e40,0x0000000745580000)
 Metaspace       used 16375K, capacity 17216K, committed 17408K, reserved 1064960K
  class space    used 2036K, capacity 2234K, committed 2304K, reserved 1048576K
}
Event: 20325.854 GC heap before
{Heap before GC invocations=69 (full 0):
 PSYoungGen      total 25088K, used 24288K [0x0000000795580000, 0x0000000796f00000, 0x00000007c0000000)
  eden space 24064K, 100% used [0x0000000795580000,0x0000000796d00000,0x0000000796d00000)
  from space 1024K, 21% used [0x0000000796e00000,0x0000000796e38000,0x0000000796f00000)
  to   space 1024K, 0% used [0x0000000796d00000,0x0000000796d00000,0x0000000796e00000)
 ParOldGen       total 87552K, used 68303K [0x0000000740000000, 0x0000000745580000, 0x0000000795580000)
  object space 87552K, 78% used [0x0000000740000000,0x00000007442b3e40,0x0000000745580000)
 Metaspace       used 16375K, capacity 17216K, committed 17408K, reserved 1064960K
  class space    used 2036K, capacity 2234K, committed 2304K, reserved 1048576K
Event: 20325.855 GC heap after
Heap after GC invocations=69 (full 0):
 PSYoungGen      total 25088K, used 224K [0x0000000795580000, 0x0000000796f00000, 0x00000007c0000000)
  eden space 24064K, 0% used [0x0000000795580000,0x0000000795580000,0x0000000796d00000)
  from space 1024K, 21% used [0x0000000796d00000,0x0000000796d38000,0x0000000796e00000)
  to   space 1024K, 0% used [0x0000000796e00000,0x0000000796e00000,0x0000000796f00000)
 ParOldGen       total 87552K, used 68463K [0x0000000740000000, 0x0000000745580000, 0x0000000795580000)
  object space 87552K, 78% used [0x0000000740000000,0x00000007442dbe40,0x0000000745580000)
 Metaspace       used 16375K, capacity 17216K, committed 17408K, reserved 1064960K
  class space    used 2036K, capacity 2234K, committed 2304K, reserved 1048576K
}
Event: 20656.341 GC heap before
{Heap before GC invocations=70 (full 0):
 PSYoungGen      total 25088K, used 24288K [0x0000000795580000, 0x0000000796f00000, 0x00000007c0000000)
  eden space 24064K, 100% used [0x0000000795580000,0x0000000796d00000,0x0000000796d00000)
  from space 1024K, 21% used [0x0000000796d00000,0x0000000796d38000,0x0000000796e00000)
  to   space 1024K, 0% used [0x0000000796e00000,0x0000000796e00000,0x0000000796f00000)
 ParOldGen       total 87552K, used 68463K [0x0000000740000000, 0x0000000745580000, 0x0000000795580000)
  object space 87552K, 78% used [0x0000000740000000,0x00000007442dbe40,0x0000000745580000)
 Metaspace       used 16375K, capacity 17216K, committed 17408K, reserved 1064960K
  class space    used 2036K, capacity 2234K, committed 2304K, reserved 1048576K
Event: 20656.342 GC heap after
Heap after GC invocations=70 (full 0):
 PSYoungGen      total 25088K, used 224K [0x0000000795580000, 0x0000000796f00000, 0x00000007c0000000)
  eden space 24064K, 0% used [0x0000000795580000,0x0000000795580000,0x0000000796d00000)
  from space 1024K, 21% used [0x0000000796e00000,0x0000000796e38000,0x0000000796f00000)
  to   space 1024K, 0% used [0x0000000796d00000,0x0000000796d00000,0x0000000796e00000)
 ParOldGen       total 87552K, used 68623K [0x0000000740000000, 0x0000000745580000, 0x0000000795580000)
  object space 87552K, 78% used [0x0000000740000000,0x0000000744303e40,0x0000000745580000)
 Metaspace       used 16375K, capacity 17216K, committed 17408K, reserved 1064960K
  class space    used 2036K, capacity 2234K, committed 2304K, reserved 1048576K
}
Event: 20981.675 GC heap before
{Heap before GC invocations=71 (full 0):
 PSYoungGen      total 25088K, used 24288K [0x0000000795580000, 0x0000000796f00000, 0x00000007c0000000)
  eden space 24064K, 100% used [0x0000000795580000,0x0000000796d00000,0x0000000796d00000)
  from space 1024K, 21% used [0x0000000796e00000,0x0000000796e38000,0x0000000796f00000)
  to   space 1024K, 0% used [0x0000000796d00000,0x0000000796d00000,0x0000000796e00000)
 ParOldGen       total 87552K, used 68623K [0x0000000740000000, 0x0000000745580000, 0x0000000795580000)
  object space 87552K, 78% used [0x0000000740000000,0x0000000744303e40,0x0000000745580000)
 Metaspace       used 16375K, capacity 17216K, committed 17408K, reserved 1064960K
  class space    used 2036K, capacity 2234K, committed 2304K, reserved 1048576K
Event: 20981.676 GC heap after
Heap after GC invocations=71 (full 0):
 PSYoungGen      total 25088K, used 224K [0x0000000795580000, 0x0000000796e80000, 0x00000007c0000000)
  eden space 24064K, 0% used [0x0000000795580000,0x0000000795580000,0x0000000796d00000)
  from space 1024K, 21% used [0x0000000796d00000,0x0000000796d38000,0x0000000796e00000)
  to   space 512K, 0% used [0x0000000796e00000,0x0000000796e00000,0x0000000796e80000)
 ParOldGen       total 87552K, used 68783K [0x0000000740000000, 0x0000000745580000, 0x0000000795580000)
  object space 87552K, 78% used [0x0000000740000000,0x000000074432be40,0x0000000745580000)
 Metaspace       used 16375K, capacity 17216K, committed 17408K, reserved 1064960K
  class space    used 2036K, capacity 2234K, committed 2304K, reserved 1048576K
}
Event: 21316.466 GC heap before
{Heap before GC invocations=72 (full 0):
 PSYoungGen      total 25088K, used 24288K [0x0000000795580000, 0x0000000796e80000, 0x00000007c0000000)
  eden space 24064K, 100% used [0x0000000795580000,0x0000000796d00000,0x0000000796d00000)
  from space 1024K, 21% used [0x0000000796d00000,0x0000000796d38000,0x0000000796e00000)
  to   space 512K, 0% used [0x0000000796e00000,0x0000000796e00000,0x0000000796e80000)
 ParOldGen       total 87552K, used 68783K [0x0000000740000000, 0x0000000745580000, 0x0000000795580000)
  object space 87552K, 78% used [0x0000000740000000,0x000000074432be40,0x0000000745580000)
 Metaspace       used 16375K, capacity 17216K, committed 17408K, reserved 1064960K
  class space    used 2036K, capacity 2234K, committed 2304K, reserved 1048576K
Event: 21316.467 GC heap after
Heap after GC invocations=72 (full 0):
 PSYoungGen      total 24576K, used 224K [0x0000000795580000, 0x0000000796e80000, 0x00000007c0000000)
  eden space 24064K, 0% used [0x0000000795580000,0x0000000795580000,0x0000000796d00000)
  from space 512K, 43% used [0x0000000796e00000,0x0000000796e38000,0x0000000796e80000)
  to   space 512K, 0% used [0x0000000796d80000,0x0000000796d80000,0x0000000796e00000)
 ParOldGen       total 87552K, used 68935K [0x0000000740000000, 0x0000000745580000, 0x0000000795580000)
  object space 87552K, 78% used [0x0000000740000000,0x0000000744351e40,0x0000000745580000)
 Metaspace       used 16375K, capacity 17216K, committed 17408K, reserved 1064960K
  class space    used 2036K, capacity 2234K, committed 2304K, reserved 1048576K
}

